<?xml version="1.0" encoding="UTF-8"?>
<testsuite xmlns:xsi="http://www.w3.org/2001/XMLSchema-instance" xsi:noNamespaceSchemaLocation="https://maven.apache.org/surefire/maven-surefire-plugin/xsd/surefire-test-report-3.0.xsd" version="3.0" name="TestSuite" time="776.174" tests="1" errors="0" skipped="0" failures="0">
  <properties>
[...]
</properties>
  <testcase name="amazon_relay[mohanavelk@wowtruck.in, wowtruck](1)" classname="amazon.ExecuteClass" time="775.4">
    <system-out><![CDATA[empty : [0, 1]
All head Pickup ID Size : 100
All head Pickup ID Size : [1BBID23,610.62, 1GAUZ35,000.00, 1UCCU9,000.00, 1MHYD13,250.00, 1BLR436,900.00, 1MAA840,000.00, 1PNQ33,000.00, 1BLR419,075.00, 1BLR434,475.01, 1MAA855,370.01, 1CCUY37,800.00, 1MBCT4,250.00, 1IPCF4,932.00, 1MAA820,000.00, 1CJB160,035.76, 1MAA822,275.00, 1XWAA36,000.00, 1XWAA33,750.00, 1SVGD3,356.17, 1SBOB36,000.00, 1LKO15,215.10, 1PTJM3,321.00, 1SBOB32,750.00, 1DED325,000.00, 1GAUZ40,000.00, 1SDEI48,750.01, 1SDEI33,000.01, 1SPNC22,000.00, 1SPNC22,000.00, 1SHYB40,000.00, 1SHYB14,500.00, 1GURX10,000.00, 1DELU9,250.00, 1UCCU15,250.00, 1SCCE27,999.99, 1BLR848,749.99, 1SMAC11,500.00, 1SBOB34,000.00, 1PUNY5,369.00, 1AMD29,250.00, 1MAA824,000.00, 1MAA842,000.00, 1BLR449,250.00, 1MAA449,250.00, 1NCRU30,000.00, 1MAA423,400.00, 1CCUY19,428.00, 1SBOB30,000.00, 1SJAC7,738.00, 1SIDA17,999.99, 1PTJM3,107.00, 1LUHX5,750.00, 1GAUZ40,000.00, 1SPNC24,250.00, 1SPNC24,250.00, 1DEL216,750.00, 1BLR834,530.56, 1SCJF13,500.00, 1SBOB88,086.75, 1UCCU19,500.00, 1SBOB37,500.00, 1SBOB35,749.99, 1PATX17,000.00, 1PUNY6,158.67, 1MAA824,250.00, 1MAA840,000.00, 1BLR450,000.00, 1MAA811,000.00, 1MAA841,650.01, 1BLR418,504.00, 1CCU135,500.01, 1CCUY36,249.99, 1GURZ7,000.00, 1DELU62,250.01, 1GURV2,032.31, 1BLR448,999.99, 1CJB158,139.93, 1MAA815,250.00, 1MJAX6,750.00, 1SBOB10,000.00, 1GURX4,104.61, 1LKOO8,125.00, 1KOLY1,259.45, 1SPNC22,000.00, 1GAUZ40,000.00, 1SPNC25,750.00, 1SBCZ38,052.69, 1UCCU14,000.00, 1DELU7,000.00, 1DELU6,250.00, 1UCCU15,250.00, 1SCJF12,065.42, 1SBOB32,750.00, 1BLR455,249.99, 1UCCU19,250.00, 1SBOB24,250.00, 1PUNY7,211.56, 1HSCK19,500.00, 1MAA825,250.00, 1AMD215,250.00]
Pickup Id Size : 100
Pickup Id Size : [1BBID23,610.62, 1GAUZ35,000.00, 1UCCU9,000.00, 1MHYD13,250.00, 1BLR436,900.00, 1MAA840,000.00, 1PNQ33,000.00, 1BLR419,075.00, 1BLR434,475.01, 1MAA855,370.01, 1CCUY37,800.00, 1MBCT4,250.00, 1IPCF4,932.00, 1MAA820,000.00, 1CJB160,035.76, 1MAA822,275.00, 1XWAA36,000.00, 1XWAA33,750.00, 1SVGD3,356.17, 1SBOB36,000.00, 1LKO15,215.10, 1PTJM3,321.00, 1SBOB32,750.00, 1DED325,000.00, 1GAUZ40,000.00, 1SDEI48,750.01, 1SDEI33,000.01, 1SPNC22,000.00, 1SPNC22,000.00, 1SHYB40,000.00, 1SHYB14,500.00, 1GURX10,000.00, 1DELU9,250.00, 1UCCU15,250.00, 1SCCE27,999.99, 1BLR848,749.99, 1SMAC11,500.00, 1SBOB34,000.00, 1PUNY5,369.00, 1AMD29,250.00, 1MAA824,000.00, 1MAA842,000.00, 1BLR449,250.00, 1MAA449,250.00, 1NCRU30,000.00, 1MAA423,400.00, 1CCUY19,428.00, 1SBOB30,000.00, 1SJAC7,738.00, 1SIDA17,999.99, 1PTJM3,107.00, 1LUHX5,750.00, 1GAUZ40,000.00, 1SPNC24,250.00, 1SPNC24,250.00, 1DEL216,750.00, 1BLR834,530.56, 1SCJF13,500.00, 1SBOB88,086.75, 1UCCU19,500.00, 1SBOB37,500.00, 1SBOB35,749.99, 1PATX17,000.00, 1PUNY6,158.67, 1MAA824,250.00, 1MAA840,000.00, 1BLR450,000.00, 1MAA811,000.00, 1MAA841,650.01, 1BLR418,504.00, 1CCU135,500.01, 1CCUY36,249.99, 1GURZ7,000.00, 1DELU62,250.01, 1GURV584.64, 1BLR448,999.99, 1CJB158,139.93, 1MAA815,250.00, 1MJAX6,750.00, 1SBOB10,000.00, 1GURX1,231.38, 1LKOO8,125.00, 1KOLY657.10, 1SPNC22,000.00, 1GAUZ40,000.00, 1SPNC25,750.00, 1SBCZ38,052.69, 1UCCU14,000.00, 1DELU7,000.00, 1DELU6,250.00, 1UCCU15,250.00, 1SCJF12,065.42, 1SBOB32,750.00, 1BLR455,249.99, 1UCCU19,250.00, 1SBOB24,250.00, 1PUNY7,211.56, 1HSCK19,500.00, 1MAA825,250.00, 1AMD215,250.00]
Want to Click : [74, 80, 82]
Arrival pickup date Size : 100
Price all data Size : 100
Pickup Truck Size : 100
All TR ID Size : 100
Second Tr : [N/A, N/A, N/A, N/A, N/A, N/A, N/A, N/A, N/A, N/A, N/A, N/A, N/A, N/A, N/A, N/A, N/A, N/A, N/A, N/A, N/A, N/A, N/A, N/A, N/A, N/A, N/A, N/A, N/A, N/A, N/A, N/A, N/A, N/A, N/A, N/A, N/A, N/A, N/A, N/A, N/A, N/A, N/A, N/A, N/A, N/A, N/A, N/A, N/A, N/A, N/A, N/A, N/A, N/A, N/A, N/A, N/A, N/A, N/A, N/A, N/A, N/A, N/A, N/A, N/A, N/A, N/A, N/A, N/A, N/A, N/A, N/A, N/A, N/A, 9BACBD, N/A, N/A, N/A, N/A, N/A, 5794C1, N/A, C4BBC3, N/A, N/A, N/A, N/A, N/A, N/A, N/A, N/A, N/A, N/A, N/A, N/A, N/A, N/A, N/A, N/A, N/A]
Second Tr Size : 100
{"pick_timestamp":"2022\/02\/27 14:30","customer_price":"23610.62","pic_address":[{"pic_address":"\nCWC,Jatni,Near Centurion University, At-Sandhapur, P.O.Jatni\nBhubaneshwar,ORISSA 751010"}],"drop_address":[{"drop_address":"\nMustkil No:51,kila No:1,2,3 village Bhangrola tehsil\nGurugram,HARYANA 122001"}],"length":"32' HQ Truck","tr_number":["87E1AA"]}
{"pick_timestamp":"2022\/02\/27 15:00","customer_price":"35000.00","pic_address":[{"pic_address":"\nMahindra Logistics Limited, Bhagya Kalita Complex,\nNear:Kahikuch Gram Panchayat,\nGuwahati,ASSAM 781132"}],"drop_address":[{"drop_address":"\nPorompat Tinsid Road, Khurai Kongpal\nSajor Leikai\nImphal,MANIPUR 795005"},{"drop_address":"\nEtash Deltech CHINGAMATHAK MANIPUR COLLEGERd\nImphal,MANIPUR 795005"}],"length":"24\u2019 Truck","tr_number":["465922"]}
{"pick_timestamp":"2022\/02\/27 15:30","customer_price":"9000.00","pic_address":[{"pic_address":"\nBuilding No. CCU1, Mouza, Amraberia,\nJ.L. No.8, Khatia No. 422, Ulberia Dist. Howrah\nKolkata,WEST BENGAL 711315"}],"drop_address":[{"drop_address":"\nNear to Kalawati Hospital research center, shirodi, Namkum\nRanchi,JHARKHAND 834001"}],"length":"32' Truck","tr_number":["374FAD"]}
{"pick_timestamp":"2022\/02\/27 16:00","customer_price":"13250.00","pic_address":[{"pic_address":"\nM\/s. Stargaze Properties Private Limited, Survey No. 1 by 1\nKancha Imarat, Raviryala, Maheshwaram Mandal, R R District\nHyderabad,TELANGANA 501510"}],"drop_address":[{"drop_address":"\nPlot 12\/P2, Defence and Aerospace park, Devanahalli,\nBengaluru,KARNATAKA 560012"}],"length":"32' Truck","tr_number":["C00A0F"]}
{"pick_timestamp":"2022\/02\/27 20:00","customer_price":"36900.00","pic_address":[{"pic_address":"\nHitech, Defence and Aerospace Park, Devanahalli\nBengaluru,KARNATAKA 562149"}],"drop_address":[{"drop_address":"\nKh No 554 to 558,560 to 583,600 to 606\nBagru Rawan,N.H.8,Tehsil Sanganer\nBagru,RAJASTHAN 303007"}],"length":"32' Truck","tr_number":["FADF1A"]}
{"pick_timestamp":"2022\/02\/27 20:00","customer_price":"40000.00","pic_address":[{"pic_address":"\nSy No: 77-2A3, S. Murugan Industrial and Logistics Parks LLP\nNear Magna Eng.College, Thamaraipakkam\nThiruvallur,TAMIL NADU 601103"}],"drop_address":[{"drop_address":"\nKhasra numbers:444-P,445-P,459-P, 460-474,475-P,476-482\n483-P,491,492,493-P, Village Bhaukapur,Tehsil-Sarojini Nagar\nLucknow,UTTAR PRADESH 226401"}],"length":"32' Truck","tr_number":["E5A0AF"]}
{"pick_timestamp":"2022\/02\/27 20:00","customer_price":"3000.00","pic_address":[{"pic_address":"\nBuilding No. B01\nESR Pune Estates Pvt Ltd\nChakan,MAHARASHTRA 410501"}],"drop_address":[{"drop_address":"\nRoyal Warehousing and Logistics LLP, Survey Number 45\nHissa No.4A, Village Pise Village, Aamne Post\nBhiwandi,MAHARASHTRA 421302"}],"length":"32' Truck","tr_number":["E4F5F6"]}
{"pick_timestamp":"2022\/02\/27 20:00","customer_price":"19075.00","pic_address":[{"pic_address":"\nHitech, Defence and Aerospace Park, Devanahalli\nBengaluru,KARNATAKA 562149"}],"drop_address":[{"drop_address":"\nPlot no. 120 (X) and part portion of plot no. 119 (W2\nBavla,GUJARAT 382220"}],"length":"32' Truck","tr_number":["DA1C50"]}
{"pick_timestamp":"2022\/02\/27 20:00","customer_price":"34475.01","pic_address":[{"pic_address":"\nHitech, Defence and Aerospace Park, Devanahalli\nBengaluru,KARNATAKA 562149"}],"drop_address":[{"drop_address":"\nKhasra numbers:444-P,445-P,459-P, 460-474,475-P,476-482\n483-P,491,492,493-P, Village Bhaukapur,Tehsil-Sarojini Nagar\nLucknow,UTTAR PRADESH 226401"}],"length":"32' Truck","tr_number":["DB472D"]}
{"pick_timestamp":"2022\/02\/27 20:00","customer_price":"55370.01","pic_address":[{"pic_address":"\nSy No: 77-2A3, S. Murugan Industrial and Logistics Parks LLP\nNear Magna Eng.College, Thamaraipakkam\nThiruvallur,TAMIL NADU 601103"}],"drop_address":[{"drop_address":"\nGanesh Complex, Rani Hati Amta Road\nPanchla,WEST BENGAL 711322"}],"length":"32' Truck","tr_number":["E7308E"]}
{"pick_timestamp":"2022\/02\/28 02:00","customer_price":"37800.00","pic_address":[{"pic_address":"\nPlot 33 and 34, Arrjavv Industrial Warehouse Park,\nDankuni,WEST BENGAL 712310"}],"drop_address":[{"drop_address":"\nLK spaces, Rajlaxmi textile Park,Pogaon\nBhiwandi\nMumbai,MAHARASHTRA 421302"}],"length":"32' Truck","tr_number":["211658"]}
{"pick_timestamp":"2022\/02\/28 03:00","customer_price":"4250.00","pic_address":[{"pic_address":"\nIndra palace Ekta colony Moradabad behind Mandi samiti\nMoradabad,UTTAR PRADESH 244001"}],"drop_address":[{"drop_address":"\nMustkil No:51,kila No:1,2,3 village Bhangrola tehsil\nGurugram,HARYANA 122001"}],"length":"20' Truck","tr_number":["B07DEB"]}
{"pick_timestamp":"2022\/02\/28 07:00","customer_price":"4932.00","pic_address":[{"pic_address":"\nLall Kalan, Behind Katani City, Near Meelon Bridge,\nLudhiana-Chandigarh Road, Village Katani Kalan,\nLudhiana,PUNJAB 141113"}],"drop_address":[{"drop_address":"\nC\/o M\/s SYNDICATE GODOWN CORPORATION\nKhasra no. 6\/19\/2, 20,21,22,23\/2, 24\/1\nManesar,HARYANA 123413"}],"length":"32' Truck","tr_number":["B0DD69"]}
{"pick_timestamp":"2022\/02\/28 08:00","customer_price":"20000.00","pic_address":[{"pic_address":"\nSy No: 77-2A3, S. Murugan Industrial and Logistics Parks LLP\nNear Magna Eng.College, Thamaraipakkam\nThiruvallur,TAMIL NADU 601103"}],"drop_address":[{"drop_address":"\nBROADVIEW CONSTRUCTIONS AND HOLDINGS PVT LTD.\nSurvey No.153-1 153-2226-2,229-2,230-2\nCoimbatore,TAMIL NADU 641201"}],"length":"32' Truck","tr_number":["A81145"]}
{"pick_timestamp":"2022\/02\/28 08:00","customer_price":"60035.76","pic_address":[{"pic_address":"\nBROADVIEW CONSTRUCTIONS AND HOLDINGS PVT LTD.\nSurvey No.153-1 153-2226-2,229-2,230-2\nCoimbatore,TAMIL NADU 641201"}],"drop_address":[{"drop_address":"\nBuilding No. CCU1, Mouza, Amraberia,\nJ.L. No.8, Khatia No. 422, Ulberia Dist. Howrah\nKolkata,WEST BENGAL 711315"}],"length":"32' Truck","tr_number":["83ACEA"]}
{"pick_timestamp":"2022\/02\/28 08:00","customer_price":"22275.00","pic_address":[{"pic_address":"\nSy No: 77-2A3, S. Murugan Industrial and Logistics Parks LLP\nNear Magna Eng.College, Thamaraipakkam\nThiruvallur,TAMIL NADU 601103"}],"drop_address":[{"drop_address":"\nBuilding No. B01\nESR Pune Estates Pvt Ltd\nChakan,MAHARASHTRA 410501"}],"length":"32' Truck","tr_number":["AE9A77"]}
{"pick_timestamp":"2022\/02\/28 08:00","customer_price":"36000.00","pic_address":[{"pic_address":"\nDelhivery Pvt Ltd, Building no. B-2, Antariksh Logidrome Sap\nBhiwandi,MAHARASHTRA 421302"}],"drop_address":[{"drop_address":"\nNelamangala\nBengaluru,KARNATAKA 562123"}],"length":"32' Truck","tr_number":["6CD320"]}
{"pick_timestamp":"2022\/02\/28 08:00","customer_price":"33750.00","pic_address":[{"pic_address":"\nDelhivery Pvt Ltd, Building no. B-2, Antariksh Logidrome Sap\nBhiwandi,MAHARASHTRA 421302"}],"drop_address":[{"drop_address":"\nBlock B and C\nLOGOS Luhari Logistics Estate\nGurgaon,Haryana 124108"}],"length":"32' Truck","tr_number":["A779AF"]}
{"pick_timestamp":"2022\/02\/28 09:00","customer_price":"3356.17","pic_address":[{"pic_address":"\nSivaganga\n,,\nSivaganga,TAMIL NADU 630561"}],"drop_address":[{"drop_address":"\nConnect India 22, SUBRAMANIYAPURAM,4th STREET NORTH\nKaraikudi,TAMIL NADU 630001"},{"drop_address":"\nTS No 8512\/1p,Periyar Nagar,RajagopalapurumPudukkottai622003\nPudukkottai,TAMIL NADU 622001"},{"drop_address":"\n16\/2A,16\/2B,16\/3B,18\/1A,, PMP Nagar, Kondalampatti\nSalem,TAMIL NADU 636201"}],"length":"17\u2019 Truck","tr_number":["00DD26"]}
{"pick_timestamp":"2022\/02\/28 10:00","customer_price":"36000.00","pic_address":[{"pic_address":"\nF-2,Survey No. 122\/7c,122\/2,122\/1,118\/1,118\/7,131,Ayushi Spa\nMumbai -Nashik Highway , Post- Padgha,\nBhiwandi,MAHARASHTRA 421101"}],"drop_address":[{"drop_address":"\nSri Perumbudur Taluk,\nChennai,TAMIL NADU 602117"}],"length":"32' Truck","tr_number":["16EBEA"]}
{"pick_timestamp":"2022\/02\/28 11:00","customer_price":"5215.10","pic_address":[{"pic_address":"\nKhasra numbers:444-P,445-P,459-P, 460-474,475-P,476-482\n483-P,491,492,493-P, Village Bhaukapur,Tehsil-Sarojini Nagar\nLucknow,UTTAR PRADESH 226401"}],"drop_address":[{"drop_address":"\nC\/o M\/s SYNDICATE GODOWN CORPORATION\nKhasra no. 6\/19\/2, 20,21,22,23\/2, 24\/1\nManesar,HARYANA 123413"}],"length":"32' Truck","tr_number":["84E7CB"]}
{"pick_timestamp":"2022\/02\/28 11:30","customer_price":"3321.00","pic_address":[{"pic_address":"\nABT Express,28 A , Kalingarayan Street Opp.Hotel Anandhas\nVanjipalayam,TAMIL NADU 641663"}],"drop_address":[{"drop_address":"\n#18, D.10, Settia GounderComplexBhavani Main Road, Sankagiri\nSankari,TAMIL NADU 637301"},{"drop_address":"\n16\/2A,16\/2B,16\/3B,18\/1A,, PMP Nagar, Kondalampatti\nSalem,TAMIL NADU 636201"}],"length":"17\u2019 Truck","tr_number":["8E0981"]}
{"pick_timestamp":"2022\/02\/28 12:00","customer_price":"32750.00","pic_address":[{"pic_address":"\nF-2,Survey No. 122\/7c,122\/2,122\/1,118\/1,118\/7,131,Ayushi Spa\nMumbai -Nashik Highway , Post- Padgha,\nBhiwandi,MAHARASHTRA 421101"}],"drop_address":[{"drop_address":"\nMalur Whitefield Rd, Madanahalli\nMalur Industrial Area,KARNATAKA 563160"}],"length":"32' Truck","tr_number":["ED702D"]}
{"pick_timestamp":"2022\/02\/28 12:00","customer_price":"25000.00","pic_address":[{"pic_address":"\nBlock J2, Farukhnagar Logistics Parks\nGurgaon,HARYANA 122506"}],"drop_address":[{"drop_address":"\nRenaissance industrial smart city, Kalyan Sape road\nThane,Maharashtra 421302"}],"length":"32' Truck","tr_number":["36ABDA"]}
{"pick_timestamp":"2022\/02\/28 12:00","customer_price":"40000.00","pic_address":[{"pic_address":"\nMahindra Logistics Limited, Bhagya Kalita Complex,\nNear:Kahikuch Gram Panchayat,\nGuwahati,ASSAM 781132"}],"drop_address":[{"drop_address":"\nLandmark - Diakkawn Presbyterian Church,Diakkawm.\nKolasib,MIZORAM 796081"},{"drop_address":"\nBrigade Road, Bangkawn, MizoramMizoram\nAizawl,MIZORAM 796014"},{"drop_address":"\nC\/o Mr. Lalropuia,Edenthar, Sairang road\nAizawl,MIZORAM 796014"}],"length":"22' Truck","tr_number":["4BF2F3"]}
{"pick_timestamp":"2022\/02\/28 12:00","customer_price":"48750.01","pic_address":[{"pic_address":"\nFarrukhnagar Logistic Park LLP,Farrukhnagar\nGurugram,HARYANA 122001"}],"drop_address":[{"drop_address":"\nPudur Village,Medchal Mandal,Hyderabad\nTurkapally,TELANGANA 501401"}],"length":"32' Truck","tr_number":["6C05D5"]}
{"pick_timestamp":"2022\/02\/28 12:00","customer_price":"33000.01","pic_address":[{"pic_address":"\nFarrukhnagar Logistic Park LLP,Farrukhnagar\nGurugram,HARYANA 122001"}],"drop_address":[{"drop_address":"\nPudur Village,Medchal Mandal,Hyderabad\nTurkapally,TELANGANA 501401"}],"length":"32' Truck","tr_number":["0BFBA6"]}
{"pick_timestamp":"2022\/02\/28 12:00","customer_price":"22000.00","pic_address":[{"pic_address":"\nWadhu Chonde Warehouse,Vadu Village, Alandi Rd,Lonikand\nPune,MAHARASHTRA 412216"}],"drop_address":[{"drop_address":"\nPudur Village,Medchal Mandal,Hyderabad\nTurkapally,TELANGANA 501401"}],"length":"32' Truck","tr_number":["4C3A31"]}
{"pick_timestamp":"2022\/02\/28 12:00","customer_price":"22000.00","pic_address":[{"pic_address":"\nWadhu Chonde Warehouse,Vadu Village, Alandi Rd,Lonikand\nPune,MAHARASHTRA 412216"}],"drop_address":[{"drop_address":"\nPudur Village,Medchal Mandal,Hyderabad\nTurkapally,TELANGANA 501401"}],"length":"32' Truck","tr_number":["5F6957"]}
{"pick_timestamp":"2022\/02\/28 13:00","customer_price":"40000.00","pic_address":[{"pic_address":"\nAruna Warehousing Company, Unit no 2,\nBanda Mylaram Village, Mulugu Mandal, Siddipet Dist\nHyderabad,TELANGANA 502279"}],"drop_address":[{"drop_address":"\nAmta Industrial Park, Amta, Mouza: Majukhetra,Dist \u2013 Howrah\nKolkata,WEST BENGAL 711313"}],"length":"32' Truck","tr_number":["DE8640"]}
{"pick_timestamp":"2022\/02\/28 13:00","customer_price":"14500.00","pic_address":[{"pic_address":"\nAruna Warehousing Company, Unit no 2,\nBanda Mylaram Village, Mulugu Mandal, Siddipet Dist\nHyderabad,TELANGANA 502279"}],"drop_address":[{"drop_address":"\nMalur Whitefield Rd, Madanahalli\nMalur Industrial Area,KARNATAKA 563160"}],"length":"32' Truck","tr_number":["5572C2"]}
{"pick_timestamp":"2022\/02\/28 14:00","customer_price":"10000.00","pic_address":[{"pic_address":"\nRevenue Estate of Village Binola-Tehsil Manesar and Village\nGurugram,HARYANA 122413"}],"drop_address":[{"drop_address":"\nVillage Dugri, (H.B.No. 220),Tehsil Payal District,\nLudhiana,PUNJAB 141113"}],"length":"24\u2019 Truck","tr_number":["824607"]}
{"pick_timestamp":"2022\/02\/28 14:00","customer_price":"9250.00","pic_address":[{"pic_address":"\nMustkil No:51,kila No:1,2,3 village Bhangrola tehsil\nGurugram,HARYANA 122001"}],"drop_address":[{"drop_address":"\nVillage Dugri, (H.B.No. 220),Tehsil Payal District,\nLudhiana,PUNJAB 141113"}],"length":"32' Truck","tr_number":["B5642A"]}
{"pick_timestamp":"2022\/02\/28 15:30","customer_price":"15250.00","pic_address":[{"pic_address":"\nBuilding No. CCU1, Mouza, Amraberia,\nJ.L. No.8, Khatia No. 422, Ulberia Dist. Howrah\nKolkata,WEST BENGAL 711315"}],"drop_address":[{"drop_address":"\nNear to Kalawati Hospital research center, shirodi, Namkum\nRanchi,JHARKHAND 834001"}],"length":"32' Truck","tr_number":["22D1F7"]}
{"pick_timestamp":"2022\/02\/28 16:00","customer_price":"27999.99","pic_address":[{"pic_address":"\nAmta Industrial Park, Amta, Mouza: Majukhetra,Dist \u2013 Howrah\nKolkata,WEST BENGAL 711313"}],"drop_address":[{"drop_address":"\nPudur Village,Medchal Mandal,Hyderabad\nTurkapally,TELANGANA 501401"}],"length":"32' Truck","tr_number":["6F1E2C"]}
{"pick_timestamp":"2022\/02\/28 16:00","customer_price":"48749.99","pic_address":[{"pic_address":"\nPlot no 12 P2, Bangalore Hardware Park KIADB\nIndustrial Park North\nBangalore,Karnataka 562149"}],"drop_address":[{"drop_address":"\nKhasra numbers:444-P,445-P,459-P, 460-474,475-P,476-482\n483-P,491,492,493-P, Village Bhaukapur,Tehsil-Sarojini Nagar\nLucknow,UTTAR PRADESH 226401"}],"length":"32' Truck","tr_number":["EF0CCC"]}
{"pick_timestamp":"2022\/02\/28 16:00","customer_price":"11500.00","pic_address":[{"pic_address":"\nSri Perumbudur Taluk,\nChennai,TAMIL NADU 602117"}],"drop_address":[{"drop_address":"\nMalur Whitefield Rd, Madanahalli\nMalur Industrial Area,KARNATAKA 563160"}],"length":"32' Truck","tr_number":["2B6CE9"]}
{"pick_timestamp":"2022\/02\/28 17:00","customer_price":"34000.00","pic_address":[{"pic_address":"\nF-2,Survey No. 122\/7c,122\/2,122\/1,118\/1,118\/7,131,Ayushi Spa\nMumbai -Nashik Highway , Post- Padgha,\nBhiwandi,MAHARASHTRA 421101"}],"drop_address":[{"drop_address":"\nPudur Village,Medchal Mandal,Hyderabad\nTurkapally,TELANGANA 501401"}],"length":"32' Truck","tr_number":["446310"]}
{"pick_timestamp":"2022\/02\/28 18:45","customer_price":"5369.00","pic_address":[{"pic_address":"\nBuilding No. B01, ESR Pune Estates Pvt Ltd\nVillage Ambethan, Tal: Khed\nPune,MAHARASHTRA 410501"}],"drop_address":[{"drop_address":"\nLK spaces, Rajlaxmi textile Park,Pogaon\nBhiwandi\nMumbai,MAHARASHTRA 421302"}],"length":"32' HQ Truck","tr_number":["131008"]}
{"pick_timestamp":"2022\/02\/28 19:00","customer_price":"9250.00","pic_address":[{"pic_address":"\nPlot no. 120 (X) and part portion of plot no. 119 (W2\nBavla,GUJARAT 382220"}],"drop_address":[{"drop_address":"\nRoyal Warehousing and Logistics LLP, Survey Number 45\nHissa No.4A, Village Pise Village, Aamne Post\nBhiwandi,MAHARASHTRA 421302"}],"length":"32' Truck","tr_number":["91A113"]}
{"pick_timestamp":"2022\/02\/28 19:00","customer_price":"24000.00","pic_address":[{"pic_address":"\nSy No: 77-2A3, S. Murugan Industrial and Logistics Parks LLP\nNear Magna Eng.College, Thamaraipakkam\nThiruvallur,TAMIL NADU 601103"}],"drop_address":[{"drop_address":"\nBROADVIEW CONSTRUCTIONS AND HOLDINGS PVT LTD.\nSurvey No.153-1 153-2226-2,229-2,230-2\nCoimbatore,TAMIL NADU 641201"}],"length":"32' Truck","tr_number":["A61F47"]}
{"pick_timestamp":"2022\/02\/28 20:00","customer_price":"42000.00","pic_address":[{"pic_address":"\nSy No: 77-2A3, S. Murugan Industrial and Logistics Parks LLP\nNear Magna Eng.College, Thamaraipakkam\nThiruvallur,TAMIL NADU 601103"}],"drop_address":[{"drop_address":"\nKhasra numbers:444-P,445-P,459-P, 460-474,475-P,476-482\n483-P,491,492,493-P, Village Bhaukapur,Tehsil-Sarojini Nagar\nLucknow,UTTAR PRADESH 226401"}],"length":"32' Truck","tr_number":["9DBD40"]}
{"pick_timestamp":"2022\/02\/28 20:00","customer_price":"49250.00","pic_address":[{"pic_address":"\nHitech, Defence and Aerospace Park, Devanahalli\nBengaluru,KARNATAKA 562149"}],"drop_address":[{"drop_address":"\nKhasra numbers:444-P,445-P,459-P, 460-474,475-P,476-482\n483-P,491,492,493-P, Village Bhaukapur,Tehsil-Sarojini Nagar\nLucknow,UTTAR PRADESH 226401"}],"length":"32' Truck","tr_number":["DDF96A"]}
{"pick_timestamp":"2022\/02\/28 20:00","customer_price":"49250.00","pic_address":[{"pic_address":"\nNo. 1\/B, IndoSpace Logistics Park, Puduvoyal, Durainallur Vi\nPonneri,TAMIL NADU 601206"}],"drop_address":[{"drop_address":"\nKhasra numbers:444-P,445-P,459-P, 460-474,475-P,476-482\n483-P,491,492,493-P, Village Bhaukapur,Tehsil-Sarojini Nagar\nLucknow,UTTAR PRADESH 226401"}],"length":"32' Truck","tr_number":["84134B"]}
{"pick_timestamp":"2022\/03\/01 07:00","customer_price":"30000.00","pic_address":[{"pic_address":"\nno: 53\/57, 149\/160, 322,323, Village Jamalpur and Khawaspur\nGurugram,HARYANA 122001"}],"drop_address":[{"drop_address":"\nGarg Plaza, Village Kanchanbari, Bangla Basti, PO-Fulbari Ha\nWest Bengal, IN, 734015\nSiliguri,WEST BENGAL 734011"}],"length":"24\u2019 Truck","tr_number":["2C340C"]}
{"pick_timestamp":"2022\/03\/01 07:00","customer_price":"23400.00","pic_address":[{"pic_address":"\nNo. 1\/B, IndoSpace Logistics Park, Puduvoyal, Durainallur Vi\nPonneri,TAMIL NADU 601206"}],"drop_address":[{"drop_address":"\nPlot no. 120 (X) and part portion of plot no. 119 (W2\nBavla,GUJARAT 382220"}],"length":"32' Truck","tr_number":["AF335A"]}
{"pick_timestamp":"2022\/03\/01 09:00","customer_price":"19428.00","pic_address":[{"pic_address":"\nPlot 33 and 34, Arrjavv Industrial Warehouse Park,\nDankuni,WEST BENGAL 712310"}],"drop_address":[{"drop_address":"\nBuilding Nos. 1 and 2, Agsons Global Logistics Park, Agsons\nSonipat,HARYANA 131021"}],"length":"32' Truck","tr_number":["E99552"]}
{"pick_timestamp":"2022\/03\/01 10:00","customer_price":"30000.00","pic_address":[{"pic_address":"\nF-2,Survey No. 122\/7c,122\/2,122\/1,118\/1,118\/7,131,Ayushi Spa\nMumbai -Nashik Highway , Post- Padgha,\nBhiwandi,MAHARASHTRA 421101"}],"drop_address":[{"drop_address":"\nSri Perumbudur Taluk,\nChennai,TAMIL NADU 602117"}],"length":"32' Truck","tr_number":["58EE87"]}
{"pick_timestamp":"2022\/03\/01 10:00","customer_price":"7738.00","pic_address":[{"pic_address":"\nKh No 554 to 558,560 to 583,600 to 606\nBagru Rawan,N.H.8,Tehsil Sanganer\nBagru,RAJASTHAN 303007"}],"drop_address":[{"drop_address":"\nC\/o M\/s SYNDICATE GODOWN CORPORATION\nKhasra no. 6\/19\/2, 20,21,22,23\/2, 24\/1\nManesar,HARYANA 123413"}],"length":"32' Truck","tr_number":["E6A3D2"]}
{"pick_timestamp":"2022\/03\/01 11:00","customer_price":"17999.99","pic_address":[{"pic_address":"\nNear METRO CASH & CARRY WHOLESALE Store\nIndore,MADHYA PRADESH 452010"}],"drop_address":[{"drop_address":"\n38\/8\/2, Adjacent to Starex School, Village Binola,Tehsil\nManesar Gurgaon,HARYANA 122413"}],"length":"32' Truck","tr_number":["5962B5"]}
{"pick_timestamp":"2022\/03\/01 11:30","customer_price":"3107.00","pic_address":[{"pic_address":"\nABT Express,28 A , Kalingarayan Street Opp.Hotel Anandhas\nVanjipalayam,TAMIL NADU 641663"}],"drop_address":[{"drop_address":"\n#18, D.10, Settia GounderComplexBhavani Main Road, Sankagiri\nSankari,TAMIL NADU 637301"},{"drop_address":"\n16\/2A,16\/2B,16\/3B,18\/1A,, PMP Nagar, Kondalampatti\nSalem,TAMIL NADU 636201"}],"length":"17\u2019 Truck","tr_number":["C326AE"]}
{"pick_timestamp":"2022\/03\/01 12:00","customer_price":"5750.00","pic_address":[{"pic_address":"\nVillage Dugri, (H.B.No. 220),Tehsil Payal District,\nLudhiana,PUNJAB 141113"}],"drop_address":[{"drop_address":"\nC\/o M\/s SYNDICATE GODOWN CORPORATION\nKhasra no. 6\/19\/2, 20,21,22,23\/2, 24\/1\nManesar,HARYANA 123413"}],"length":"32' Truck","tr_number":["C6A077"]}
{"pick_timestamp":"2022\/03\/01 12:00","customer_price":"40000.00","pic_address":[{"pic_address":"\nMahindra Logistics Limited, Bhagya Kalita Complex,\nNear:Kahikuch Gram Panchayat,\nGuwahati,ASSAM 781132"}],"drop_address":[{"drop_address":"\nLandmark - Diakkawn Presbyterian Church,Diakkawm.\nKolasib,MIZORAM 796081"},{"drop_address":"\nBrigade Road, Bangkawn, MizoramMizoram\nAizawl,MIZORAM 796014"},{"drop_address":"\nC\/o Mr. Lalropuia,Edenthar, Sairang road\nAizawl,MIZORAM 796014"}],"length":"22' Truck","tr_number":["83DE4E"]}
{"pick_timestamp":"2022\/03\/01 12:00","customer_price":"24250.00","pic_address":[{"pic_address":"\nWadhu Chonde Warehouse,Vadu Village, Alandi Rd,Lonikand\nPune,MAHARASHTRA 412216"}],"drop_address":[{"drop_address":"\nPudur Village,Medchal Mandal,Hyderabad\nTurkapally,TELANGANA 501401"}],"length":"32' Truck","tr_number":["ABB430"]}
{"pick_timestamp":"2022\/03\/01 12:00","customer_price":"24250.00","pic_address":[{"pic_address":"\nWadhu Chonde Warehouse,Vadu Village, Alandi Rd,Lonikand\nPune,MAHARASHTRA 412216"}],"drop_address":[{"drop_address":"\nPudur Village,Medchal Mandal,Hyderabad\nTurkapally,TELANGANA 501401"}],"length":"32' Truck","tr_number":["80107F"]}
{"pick_timestamp":"2022\/03\/01 16:00","customer_price":"16750.00","pic_address":[{"pic_address":"\nGokaldas warehousing corporation, Village Taoru, Tehsil Taor\nGurgaon,HARYANA 122105"}],"drop_address":[{"drop_address":"\nKhasra numbers:444-P,445-P,459-P, 460-474,475-P,476-482\n483-P,491,492,493-P, Village Bhaukapur,Tehsil-Sarojini Nagar\nLucknow,UTTAR PRADESH 226401"}],"length":"32' Truck","tr_number":["A2A98B"]}
{"pick_timestamp":"2022\/03\/01 16:00","customer_price":"34530.56","pic_address":[{"pic_address":"\nPlot no 12 P2, Bangalore Hardware Park KIADB\nIndustrial Park North\nBangalore,Karnataka 562149"}],"drop_address":[{"drop_address":"\nKh No 554 to 558,560 to 583,600 to 606\nBagru Rawan,N.H.8,Tehsil Sanganer\nBagru,RAJASTHAN 303007"}],"length":"32' Truck","tr_number":["780BEC"]}
{"pick_timestamp":"2022\/03\/01 16:00","customer_price":"13500.00","pic_address":[{"pic_address":"\nVSMC Logistics Park Pvt Ltd, 432\/433 Pappampatty,\nAppanaichenpatti Road, Appanaichenpatty, Sulur (Taluk),\nCoimbatore,TAMIL NADU 641402"}],"drop_address":[{"drop_address":"\nPudur Village,Medchal Mandal,Hyderabad\nTurkapally,TELANGANA 501401"}],"length":"32' Truck","tr_number":["1C6B5A"]}
{"pick_timestamp":"2022\/03\/01 17:00","customer_price":"88086.75","pic_address":[{"pic_address":"\nF-2,Survey No. 122\/7c,122\/2,122\/1,118\/1,118\/7,131,Ayushi Spa\nMumbai -Nashik Highway , Post- Padgha,\nBhiwandi,MAHARASHTRA 421101"}],"drop_address":[{"drop_address":"\nAmta Industrial Park, Amta, Mouza: Majukhetra,Dist \u2013 Howrah\nKolkata,WEST BENGAL 711313"}],"length":"32' Truck","tr_number":["7C8AB3"]}
{"pick_timestamp":"2022\/03\/01 17:00","customer_price":"19500.00","pic_address":[{"pic_address":"\nBuilding No. CCU1, Mouza, Amraberia,\nJ.L. No.8, Khatia No. 422, Ulberia Dist. Howrah\nKolkata,WEST BENGAL 711315"}],"drop_address":[{"drop_address":"\nCWC,Jatni,Near Centurion University, At-Sandhapur, P.O.Jatni\nBhubaneshwar,ORISSA 751010"}],"length":"32' Truck","tr_number":["C82F68"]}
{"pick_timestamp":"2022\/03\/01 17:00","customer_price":"37500.00","pic_address":[{"pic_address":"\nF-2,Survey No. 122\/7c,122\/2,122\/1,118\/1,118\/7,131,Ayushi Spa\nMumbai -Nashik Highway , Post- Padgha,\nBhiwandi,MAHARASHTRA 421101"}],"drop_address":[{"drop_address":"\nPudur Village,Medchal Mandal,Hyderabad\nTurkapally,TELANGANA 501401"}],"length":"32' Truck","tr_number":["577C72"]}
{"pick_timestamp":"2022\/03\/01 17:00","customer_price":"35749.99","pic_address":[{"pic_address":"\nF-2,Survey No. 122\/7c,122\/2,122\/1,118\/1,118\/7,131,Ayushi Spa\nMumbai -Nashik Highway , Post- Padgha,\nBhiwandi,MAHARASHTRA 421101"}],"drop_address":[{"drop_address":"\nFarrukhnagar Logistic Park LLP,Farrukhnagar\nGurugram,HARYANA 122001"}],"length":"32' Truck","tr_number":["4F61AF"]}
{"pick_timestamp":"2022\/03\/01 17:30","customer_price":"17000.00","pic_address":[{"pic_address":"\nThana No-49 Khata No-139,142,143,144 Khasra No-1054,1079,108\nDist- Patna, Bihar 801109\nPatna,Bihar 801105"}],"drop_address":[{"drop_address":"\nManoj Kumar keshan Gattani industries Mouza. Satgharia JL n\nHowrah,WEST BENGAL 712306"}],"length":"32' Truck","tr_number":["A5D140"]}
{"pick_timestamp":"2022\/03\/01 18:45","customer_price":"6158.67","pic_address":[{"pic_address":"\nBuilding No. B01, ESR Pune Estates Pvt Ltd\nVillage Ambethan, Tal: Khed\nPune,MAHARASHTRA 410501"}],"drop_address":[{"drop_address":"\nLK spaces, Rajlaxmi textile Park,Pogaon\nBhiwandi\nMumbai,MAHARASHTRA 421302"}],"length":"32' HQ Truck","tr_number":["33E85A"]}
{"pick_timestamp":"2022\/03\/01 19:00","customer_price":"24250.00","pic_address":[{"pic_address":"\nSy No: 77-2A3, S. Murugan Industrial and Logistics Parks LLP\nNear Magna Eng.College, Thamaraipakkam\nThiruvallur,TAMIL NADU 601103"}],"drop_address":[{"drop_address":"\nBROADVIEW CONSTRUCTIONS AND HOLDINGS PVT LTD.\nSurvey No.153-1 153-2226-2,229-2,230-2\nCoimbatore,TAMIL NADU 641201"}],"length":"32' Truck","tr_number":["D2BAEF"]}
{"pick_timestamp":"2022\/03\/01 20:00","customer_price":"40000.00","pic_address":[{"pic_address":"\nSy No: 77-2A3, S. Murugan Industrial and Logistics Parks LLP\nNear Magna Eng.College, Thamaraipakkam\nThiruvallur,TAMIL NADU 601103"}],"drop_address":[{"drop_address":"\nKhasra numbers:444-P,445-P,459-P, 460-474,475-P,476-482\n483-P,491,492,493-P, Village Bhaukapur,Tehsil-Sarojini Nagar\nLucknow,UTTAR PRADESH 226401"}],"length":"32' Truck","tr_number":["DF2069"]}
{"pick_timestamp":"2022\/03\/01 20:00","customer_price":"50000.00","pic_address":[{"pic_address":"\nHitech, Defence and Aerospace Park, Devanahalli\nBengaluru,KARNATAKA 562149"}],"drop_address":[{"drop_address":"\nKhasra numbers:444-P,445-P,459-P, 460-474,475-P,476-482\n483-P,491,492,493-P, Village Bhaukapur,Tehsil-Sarojini Nagar\nLucknow,UTTAR PRADESH 226401"}],"length":"32' Truck","tr_number":["814D59"]}
{"pick_timestamp":"2022\/03\/01 20:00","customer_price":"11000.00","pic_address":[{"pic_address":"\nSy No: 77-2A3, S. Murugan Industrial and Logistics Parks LLP\nNear Magna Eng.College, Thamaraipakkam\nThiruvallur,TAMIL NADU 601103"}],"drop_address":[{"drop_address":"\nPlot no 12 P2, Bangalore Hardware Park KIADB\nIndustrial Park North\nBangalore,Karnataka 562149"}],"length":"32' Truck","tr_number":["CCE44A"]}
{"pick_timestamp":"2022\/03\/01 20:00","customer_price":"41650.01","pic_address":[{"pic_address":"\nSy No: 77-2A3, S. Murugan Industrial and Logistics Parks LLP\nNear Magna Eng.College, Thamaraipakkam\nThiruvallur,TAMIL NADU 601103"}],"drop_address":[{"drop_address":"\nGanesh Complex, Rani Hati Amta Road\nPanchla,WEST BENGAL 711322"}],"length":"32' Truck","tr_number":["7E5EEE"]}
{"pick_timestamp":"2022\/03\/01 20:00","customer_price":"18504.00","pic_address":[{"pic_address":"\nHitech, Defence and Aerospace Park, Devanahalli\nBengaluru,KARNATAKA 562149"}],"drop_address":[{"drop_address":"\nPlot no. 120 (X) and part portion of plot no. 119 (W2\nBavla,GUJARAT 382220"}],"length":"32' Truck","tr_number":["9F00DC"]}
{"pick_timestamp":"2022\/03\/01 22:30","customer_price":"35500.01","pic_address":[{"pic_address":"\nBuilding No. CCU1, Mouza, Amraberia,\nJ.L. No.8, Khatia No. 422, Ulberia Dist. Howrah\nKolkata,WEST BENGAL 711315"}],"drop_address":[{"drop_address":"\nBuilding No. B01\nESR Pune Estates Pvt Ltd\nChakan,MAHARASHTRA 410501"}],"length":"32' Truck","tr_number":["D81999"]}
{"pick_timestamp":"2022\/03\/02 02:00","customer_price":"36249.99","pic_address":[{"pic_address":"\nPlot 33 and 34, Arrjavv Industrial Warehouse Park,\nDankuni,WEST BENGAL 712310"}],"drop_address":[{"drop_address":"\nLK spaces, Rajlaxmi textile Park,Pogaon\nBhiwandi\nMumbai,MAHARASHTRA 421302"}],"length":"32' Truck","tr_number":["9F43E2"]}
{"pick_timestamp":"2022\/03\/02 02:00","customer_price":"7000.00","pic_address":[{"pic_address":"\nL1, Farukh Nagar Logistic Park LLP, Tehsil Farukh Nagar\nGurgaon,HARYANA 122506"}],"drop_address":[{"drop_address":"\nKhasra No. 511,512,518,519,520,522\nVillage Bajehra, Tehsil Hasanganj\nUnnao,UTTAR PRADESH 209801"}],"length":"24\u2019 Truck","tr_number":["537685"]}
{"pick_timestamp":"2022\/03\/02 03:00","customer_price":"62250.01","pic_address":[{"pic_address":"\nMustkil No:51,kila No:1,2,3 village Bhangrola tehsil\nGurugram,HARYANA 122001"}],"drop_address":[{"drop_address":"\nCWC,Jatni,Near Centurion University, At-Sandhapur, P.O.Jatni\nBhubaneshwar,ORISSA 751010"}],"length":"32' Truck","tr_number":["1B5DAD"]}
{"pick_timestamp":"2022\/03\/02 05:00","customer_price":"2032.31","pic_address":[{"pic_address":"\nACLC 2B,Near New ATC Tower,Opp.Gate 1 Cargo Terminal,\nIGI Airport\nNew Delhi,DELHI 110037"}],"drop_address":[{"drop_address":"\n05 Pusa Road-Karol bagh.In front of pillar 80\nDelhi,DELHI 110005"},{"drop_address":"\nGround floor , 1A to 4A Pulbangash metro station\nNew Delhi,DELHI 110007"},{"drop_address":"\nB 11\/4, jhilmil industrial area,jhilmil,New delhi=110095\nNew Delhi,DELHI 110094"},{"drop_address":"\nACLC 2B,Near New ATC Tower,Opp.Gate 1 Cargo Terminal,\nIGI Airport\nNew Delhi,DELHI 110037"}],"length":"FOURTEEN_FOOT_TRUCK_CNG","tr_number":["5CDAAE","9BACBD"]}
{"pick_timestamp":"2022\/03\/02 06:00","customer_price":"48999.99","pic_address":[{"pic_address":"\nHitech, Defence and Aerospace Park, Devanahalli\nBengaluru,KARNATAKA 562149"}],"drop_address":[{"drop_address":"\nKhasra numbers:444-P,445-P,459-P, 460-474,475-P,476-482\n483-P,491,492,493-P, Village Bhaukapur,Tehsil-Sarojini Nagar\nLucknow,UTTAR PRADESH 226401"}],"length":"32' Truck","tr_number":["0FD3B7"]}
{"pick_timestamp":"2022\/03\/02 08:00","customer_price":"58139.93","pic_address":[{"pic_address":"\nBROADVIEW CONSTRUCTIONS AND HOLDINGS PVT LTD.\nSurvey No.153-1 153-2226-2,229-2,230-2\nCoimbatore,TAMIL NADU 641201"}],"drop_address":[{"drop_address":"\nKhasra numbers:444-P,445-P,459-P, 460-474,475-P,476-482\n483-P,491,492,493-P, Village Bhaukapur,Tehsil-Sarojini Nagar\nLucknow,UTTAR PRADESH 226401"}],"length":"32' Truck","tr_number":["AA031C"]}
{"pick_timestamp":"2022\/03\/02 08:00","customer_price":"15250.00","pic_address":[{"pic_address":"\nSy No: 77-2A3, S. Murugan Industrial and Logistics Parks LLP\nNear Magna Eng.College, Thamaraipakkam\nThiruvallur,TAMIL NADU 601103"}],"drop_address":[{"drop_address":"\nBROADVIEW CONSTRUCTIONS AND HOLDINGS PVT LTD.\nSurvey No.153-1 153-2226-2,229-2,230-2\nCoimbatore,TAMIL NADU 641201"}],"length":"32' Truck","tr_number":["DA486C"]}
{"pick_timestamp":"2022\/03\/02 09:30","customer_price":"6750.00","pic_address":[{"pic_address":"\nAmazon Transportation Services Private Limited\nDTA-01-01A, Mahindra World City, Domestic Tariff Area Ph-II,\nJaipur,RAJASTHAN 302037"}],"drop_address":[{"drop_address":"\nBuilding Nos. 1 and 2, Agsons Global Logistics Park, Agsons\nSonipat,HARYANA 131021"}],"length":"32' Truck","tr_number":["9AF360"]}
{"pick_timestamp":"2022\/03\/02 10:00","customer_price":"10000.00","pic_address":[{"pic_address":"\nF-2,Survey No. 122\/7c,122\/2,122\/1,118\/1,118\/7,131,Ayushi Spa\nMumbai -Nashik Highway , Post- Padgha,\nBhiwandi,MAHARASHTRA 421101"}],"drop_address":[{"drop_address":"\nIndraprashtha Industrial logistics hub, Vadala Patia Road\nNear Bharat gas filling plant, Village Hariyala, Kheda\nKheda,GUJARAT 387570"}],"length":"32' Truck","tr_number":["19F50A"]}
{"pick_timestamp":"2022\/03\/02 10:30","customer_price":"4104.61","pic_address":[{"pic_address":"\nRevenue Estate of Village Binola-Tehsil Manesar and Village\nGurugram,HARYANA 122413"}],"drop_address":[{"drop_address":"\nACLC 2B,Near New ATC Tower,Opp.Gate 1 Cargo Terminal,\nIGI Airport\nNew Delhi,DELHI 110037"},{"drop_address":"\nAveo Logistics Pvt Ltd 40B-2,Rama Road Industrial Area\nNew Delhi,DELHI 110015"},{"drop_address":"\nno: 53\/57, 149\/160, 322,323, Village Jamalpur and Khawaspur\nGurugram,HARYANA 122001"},{"drop_address":"\nRevenue Estate of Village Binola-Tehsil Manesar and Village\nGurugram,HARYANA 122413"}],"length":"FOURTEEN_FOOT_TRUCK_CNG","tr_number":["266D95","5794C1"]}
{"pick_timestamp":"2022\/03\/02 11:00","customer_price":"8125.00","pic_address":[{"pic_address":"\nKhasra No. 511,512,518,519,520,522\nVillage Bajehra, Tehsil Hasanganj\nUnnao,UTTAR PRADESH 209801"}],"drop_address":[{"drop_address":"\nBuilding Nos. 1 and 2, Agsons Global Logistics Park, Agsons\nSonipat,HARYANA 131021"}],"length":"32' Truck","tr_number":["DAF58F"]}
{"pick_timestamp":"2022\/03\/02 11:00","customer_price":"1259.45","pic_address":[{"pic_address":"\n118, Majherhati Road, Shahid Nani Saha Sarani, Near Majherha\nHigh School Kolkata-700049\nKolkata,WEST BENGAL 700079"}],"drop_address":[{"drop_address":"\nSANKALP LOGISTICSC 7B, METROPOLITAN CHS CANAL SOUTH\nKolkata,WEST BENGAL 700053"},{"drop_address":"\nActive Business Park, 54\/10, Debendra Chandra Dey Road.\nKolkata,WEST BENGAL 700015"},{"drop_address":"\n118, Majherhati Road, Shahid Nani Saha Sarani, Near Majherha\nHigh School Kolkata-700049\nKolkata,WEST BENGAL 700079"}],"length":"SEVEN_FOOT_TRUCK_ELECTRIC_AMT","tr_number":["FA6874","C4BBC3"]}
{"pick_timestamp":"2022\/03\/02 12:00","customer_price":"22000.00","pic_address":[{"pic_address":"\nWadhu Chonde Warehouse,Vadu Village, Alandi Rd,Lonikand\nPune,MAHARASHTRA 412216"}],"drop_address":[{"drop_address":"\nPudur Village,Medchal Mandal,Hyderabad\nTurkapally,TELANGANA 501401"}],"length":"32' Truck","tr_number":["5A2C10"]}
{"pick_timestamp":"2022\/03\/02 12:00","customer_price":"40000.00","pic_address":[{"pic_address":"\nMahindra Logistics Limited, Bhagya Kalita Complex,\nNear:Kahikuch Gram Panchayat,\nGuwahati,ASSAM 781132"}],"drop_address":[{"drop_address":"\nLandmark - Diakkawn Presbyterian Church,Diakkawm.\nKolasib,MIZORAM 796081"},{"drop_address":"\nBrigade Road, Bangkawn, MizoramMizoram\nAizawl,MIZORAM 796014"},{"drop_address":"\nC\/o Mr. Lalropuia,Edenthar, Sairang road\nAizawl,MIZORAM 796014"}],"length":"22' Truck","tr_number":["3680CE"]}
{"pick_timestamp":"2022\/03\/02 12:00","customer_price":"25750.00","pic_address":[{"pic_address":"\nWadhu Chonde Warehouse,Vadu Village, Alandi Rd,Lonikand\nPune,MAHARASHTRA 412216"}],"drop_address":[{"drop_address":"\nPudur Village,Medchal Mandal,Hyderabad\nTurkapally,TELANGANA 501401"}],"length":"32' Truck","tr_number":["F66CAD"]}
{"pick_timestamp":"2022\/03\/02 12:00","customer_price":"38052.69","pic_address":[{"pic_address":"\nPlot 12\/P2, Defence and Aerospace park, Devanahalli,\nBengaluru,KARNATAKA 560012"}],"drop_address":[{"drop_address":"\nBuilding Nos. 1 and 2, Agsons Global Logistics Park, Agsons\nSonipat,HARYANA 131021"}],"length":"32' Truck","tr_number":["ACB59B"]}
{"pick_timestamp":"2022\/03\/02 12:30","customer_price":"14000.00","pic_address":[{"pic_address":"\nBuilding No. CCU1, Mouza, Amraberia,\nJ.L. No.8, Khatia No. 422, Ulberia Dist. Howrah\nKolkata,WEST BENGAL 711315"}],"drop_address":[{"drop_address":"\nThana No-49 Khata No-139,142,143,144 Khasra No-1054,1079,108\nDist- Patna, Bihar 801109\nPatna,Bihar 801105"}],"length":"32' Truck","tr_number":["3D6B53"]}
{"pick_timestamp":"2022\/03\/02 14:00","customer_price":"7000.00","pic_address":[{"pic_address":"\nMustkil No:51,kila No:1,2,3 village Bhangrola tehsil\nGurugram,HARYANA 122001"}],"drop_address":[{"drop_address":"\nVillage Dugri, (H.B.No. 220),Tehsil Payal District,\nLudhiana,PUNJAB 141113"}],"length":"32' Truck","tr_number":["AF6FD7"]}
{"pick_timestamp":"2022\/03\/02 14:00","customer_price":"6250.00","pic_address":[{"pic_address":"\nMustkil No:51,kila No:1,2,3 village Bhangrola tehsil\nGurugram,HARYANA 122001"}],"drop_address":[{"drop_address":"\nKhasra No. 511,512,518,519,520,522\nVillage Bajehra, Tehsil Hasanganj\nUnnao,UTTAR PRADESH 209801"}],"length":"24\u2019 Truck","tr_number":["1725F0"]}
{"pick_timestamp":"2022\/03\/02 15:30","customer_price":"15250.00","pic_address":[{"pic_address":"\nBuilding No. CCU1, Mouza, Amraberia,\nJ.L. No.8, Khatia No. 422, Ulberia Dist. Howrah\nKolkata,WEST BENGAL 711315"}],"drop_address":[{"drop_address":"\nNear to Kalawati Hospital research center, shirodi, Namkum\nRanchi,JHARKHAND 834001"}],"length":"32' Truck","tr_number":["57CDF6"]}
{"pick_timestamp":"2022\/03\/02 16:00","customer_price":"12065.42","pic_address":[{"pic_address":"\nVSMC Logistics Park Pvt Ltd, 432\/433 Pappampatty,\nAppanaichenpatti Road, Appanaichenpatty, Sulur (Taluk),\nCoimbatore,TAMIL NADU 641402"}],"drop_address":[{"drop_address":"\nPudur Village,Medchal Mandal,Hyderabad\nTurkapally,TELANGANA 501401"}],"length":"32' Truck","tr_number":["537961"]}
{"pick_timestamp":"2022\/03\/02 17:00","customer_price":"32750.00","pic_address":[{"pic_address":"\nF-2,Survey No. 122\/7c,122\/2,122\/1,118\/1,118\/7,131,Ayushi Spa\nMumbai -Nashik Highway , Post- Padgha,\nBhiwandi,MAHARASHTRA 421101"}],"drop_address":[{"drop_address":"\nFarrukhnagar Logistic Park LLP,Farrukhnagar\nGurugram,HARYANA 122001"}],"length":"32' Truck","tr_number":["1CC67B"]}
{"pick_timestamp":"2022\/03\/02 17:00","customer_price":"55249.99","pic_address":[{"pic_address":"\nHitech, Defence and Aerospace Park, Devanahalli\nBengaluru,KARNATAKA 562149"}],"drop_address":[{"drop_address":"\nBuilding No. CCU1, Mouza, Amraberia,\nJ.L. No.8, Khatia No. 422, Ulberia Dist. Howrah\nKolkata,WEST BENGAL 711315"}],"length":"32' Truck","tr_number":["F62885"]}
{"pick_timestamp":"2022\/03\/02 17:00","customer_price":"19250.00","pic_address":[{"pic_address":"\nBuilding No. CCU1, Mouza, Amraberia,\nJ.L. No.8, Khatia No. 422, Ulberia Dist. Howrah\nKolkata,WEST BENGAL 711315"}],"drop_address":[{"drop_address":"\nCWC,Jatni,Near Centurion University, At-Sandhapur, P.O.Jatni\nBhubaneshwar,ORISSA 751010"}],"length":"32' Truck","tr_number":["71AD02"]}
{"pick_timestamp":"2022\/03\/02 17:00","customer_price":"24250.00","pic_address":[{"pic_address":"\nF-2,Survey No. 122\/7c,122\/2,122\/1,118\/1,118\/7,131,Ayushi Spa\nMumbai -Nashik Highway , Post- Padgha,\nBhiwandi,MAHARASHTRA 421101"}],"drop_address":[{"drop_address":"\nPudur Village,Medchal Mandal,Hyderabad\nTurkapally,TELANGANA 501401"}],"length":"32' Truck","tr_number":["DD5EB4"]}
{"pick_timestamp":"2022\/03\/02 18:45","customer_price":"7211.56","pic_address":[{"pic_address":"\nBuilding No. B01, ESR Pune Estates Pvt Ltd\nVillage Ambethan, Tal: Khed\nPune,MAHARASHTRA 410501"}],"drop_address":[{"drop_address":"\nLK spaces, Rajlaxmi textile Park,Pogaon\nBhiwandi\nMumbai,MAHARASHTRA 421302"}],"length":"32' HQ Truck","tr_number":["FDF110"]}
{"pick_timestamp":"2022\/03\/02 19:00","customer_price":"19500.00","pic_address":[{"pic_address":"\nAmta Industrial Park, Amta\nMouza, Majukhetra\nKolkata,WEST BENGAL 711401"}],"drop_address":[{"drop_address":"\nAmta Industrial Park\nAmta,WEST BENGAL 711401"},{"drop_address":"\nNear Amazon\/TCI Express W\/h\nVillage - Kanchanbari, PO -Fulbari Hat\nJalpaiguri,West Bengal 734015"}],"length":"20' Truck","tr_number":["C77765"]}
{"pick_timestamp":"2022\/03\/02 19:00","customer_price":"25250.00","pic_address":[{"pic_address":"\nSy No: 77-2A3, S. Murugan Industrial and Logistics Parks LLP\nNear Magna Eng.College, Thamaraipakkam\nThiruvallur,TAMIL NADU 601103"}],"drop_address":[{"drop_address":"\nBROADVIEW CONSTRUCTIONS AND HOLDINGS PVT LTD.\nSurvey No.153-1 153-2226-2,229-2,230-2\nCoimbatore,TAMIL NADU 641201"}],"length":"32' Truck","tr_number":["AED3CB"]}
{"pick_timestamp":"2022\/03\/02 19:00","customer_price":"15250.00","pic_address":[{"pic_address":"\nPlot no. 120 (X) and part portion of plot no. 119 (W2\nBavla,GUJARAT 382220"}],"drop_address":[{"drop_address":"\nRoyal Warehousing and Logistics LLP, Survey Number 45\nHissa No.4A, Village Pise Village, Aamne Post\nBhiwandi,MAHARASHTRA 421302"}],"length":"32' Truck","tr_number":["49025C"]}
Json all Data Size : 100
status code :200
response body :{"response":{"data":{"message":"Convert as booking threshold days limit not matched!"},"status":"0"}}
status code :200
response body :{"response":{"data":{"message":"Convert as booking threshold days limit not matched!"},"status":"0"}}
status code :200
response body :{"response":{"data":{"message":"Convert as booking threshold days limit not matched!"},"status":"0"}}
status code :200
response body :{"response":{"data":{"message":"Convert as booking threshold days limit not matched!"},"status":"0"}}
status code :200
response body :{"response":{"data":{"message":"Convert as booking threshold days limit not matched!"},"status":"0"}}
status code :200
response body :{"response":{"data":{"message":"Convert as booking threshold days limit not matched!"},"status":"0"}}
status code :200
response body :{"response":{"data":{"message":"Convert as booking threshold days limit not matched!"},"status":"0"}}
status code :200
response body :{"response":{"data":{"message":"Convert as booking threshold days limit not matched!"},"status":"0"}}
status code :200
response body :{"response":{"data":{"message":"Convert as booking threshold days limit not matched!"},"status":"0"}}
status code :200
response body :{"response":{"data":{"message":"Convert as booking threshold days limit not matched!"},"status":"0"}}
status code :200
response body :{"response":{"data":{"message":"Successfully Updated the Booking amount"},"status":"1"}}
status code :200
response body :{"response":{"data":{"message":"Convert as booking threshold days limit not matched!"},"status":"0"}}
status code :200
response body :{"response":{"data":{"message":"Convert as booking threshold days limit not matched!"},"status":"0"}}
status code :200
response body :{"response":{"data":{"message":"Successfully Updated the Booking amount"},"status":"1"}}
status code :200
response body :{"response":{"data":{"message":"Successfully Updated the Booking amount"},"status":"1"}}
status code :200
response body :{"response":{"data":{"message":"Successfully Updated the Booking amount"},"status":"1"}}
status code :200
response body :{"response":{"data":{"message":"Successfully Updated the Booking amount"},"status":"1"}}
status code :200
response body :{"response":{"data":{"message":"Successfully Updated the Booking amount"},"status":"1"}}
status code :200
response body :{"response":{"data":{"message":"Successfully Updated the Booking amount"},"status":"1"}}
status code :200
response body :{"response":{"data":{"message":"Successfully Updated the Booking amount"},"status":"1"}}
status code :200
response body :{"response":{"data":{"message":"Successfully Updated the Booking amount"},"status":"1"}}
status code :200
response body :{"response":{"data":{"message":"Successfully Updated the Booking amount"},"status":"1"}}
status code :200
response body :{"response":{"data":{"message":"Successfully Updated the Booking amount"},"status":"1"}}
status code :200
response body :{"response":{"data":{"message":"Convert as booking threshold days limit not matched!"},"status":"0"}}
status code :200
response body :{"response":{"data":{"message":"Successfully Updated the Booking amount"},"status":"1"}}
status code :200
response body :{"response":{"data":{"message":"Successfully Updated the Booking amount"},"status":"1"}}
status code :200
response body :{"response":{"data":{"message":"Successfully Updated the Booking amount"},"status":"1"}}
status code :200
response body :{"response":{"data":{"message":"Successfully Updated the Booking amount"},"status":"1"}}
status code :200
response body :{"response":{"data":{"message":"Successfully Updated the Booking amount"},"status":"1"}}
status code :200
response body :{"response":{"data":{"message":"Successfully Updated the Booking amount"},"status":"1"}}
status code :200
response body :{"response":{"data":{"message":"Successfully Updated the Booking amount"},"status":"1"}}
status code :200
response body :{"response":{"data":{"message":"Successfully Updated the Booking amount"},"status":"1"}}
status code :200
response body :{"response":{"data":{"message":"Convert as booking threshold days limit not matched!"},"status":"0"}}
status code :200
response body :{"response":{"data":{"message":"Successfully Updated the Booking amount"},"status":"1"}}
status code :200
response body :{"response":{"data":{"message":"Successfully Updated the Booking amount"},"status":"1"}}
status code :200
response body :{"response":{"data":{"message":"Successfully Updated the Booking amount"},"status":"1"}}
status code :200
response body :{"response":{"data":{"message":"Successfully Updated the Booking amount"},"status":"1"}}
status code :200
response body :{"response":{"data":{"message":"Successfully Updated the Booking amount"},"status":"1"}}
status code :200
response body :{"response":{"data":{"message":"Successfully Updated the Booking amount"},"status":"1"}}
status code :200
response body :{"response":{"data":{"message":"Successfully Updated the Booking amount"},"status":"1"}}
status code :200
response body :{"response":{"data":{"message":"Successfully Updated the Booking amount"},"status":"1"}}
status code :200
response body :{"response":{"data":{"message":"Successfully Updated the Booking amount"},"status":"1"}}
status code :200
response body :{"response":{"data":{"message":"Successfully Updated the Booking amount"},"status":"1"}}
status code :200
response body :{"response":{"data":{"message":"Successfully Updated the Booking amount"},"status":"1"}}
status code :200
response body :{"response":{"notify_driver_id":0,"data":{"driver_id":"0","customer_min_bid_amount":"30000.00","pickup_array":"[\n    {\n        \"lat\": \"28.38975\",\n        \"long\": \"76.8620064\",\n        \"contact_name\": \"\",\n        \"contact_phone\": \"\",\n        \"pickup_address\": \"\\nno: 53\\/57, 149\\/160, 322,323, Village Jamalpur and Khawaspur\\nGurugram,HARYANA 122001\",\n        \"booking_status\": \"0\"\n    }\n]","price_id":null,"package_master_id":"0","is_bidding":"0","discount_percentage":null,"dropoff_address":"\nGarg Plaza, Village Kanchanbari, Bangla Basti, PO-Fulbari Ha\nWest Bengal, IN, 734015\nSiliguri,WEST BENGAL 734011","lr_show":0,"coupon_name":"","claimform":"https://admin-staging.wowtruck.in/webservice/claimform","driver_arrived_time":"5 Mins","max_bid_amount":69160,"coupon_id":"0","booking_tonnage":"","booking_creation_timestamp":"01-03-2022 07:00:00","total_booking_amount":30000,"dropcount":1,"earlyclose":0,"booking_notes_visible":1,"load_type":"2","driver_bidding":{"current_lowest_offer":0,"driver_bid_created_at":"","driver_id":0,"driver_seen":"0","customer_id":"45457","bid_count":"0","is_notify":0,"status":0},"payment_alert_text":"","base_hour":"Hrs -  KMs - ","booking_status":"11","driver_phone":"","pod_status":"","customer_wallet_amount":0,"withdraw_message":"","subtotal":"0.00","able_to_cancel":0,"additional_fare_hour":null,"booking_coupon_applied":false,"already_bid":1,"truck_reg_number":"","coupon_applied":false,"pod_pic":[],"amenities":[],"invoice_s3_url":null,"pod":"","created_at":"27-02-2022 13:44:16","min_bid_amount":14560,"droparray":"[\n    {\n        \"lat\": \"26.6527977\",\n        \"long\": \"88.425994\",\n        \"dropaddrid\": 0,\n        \"recipient_name\": \"\",\n        \"recipient_phone\": \"\",\n        \"droppff_location_id\": \"1130584\",\n        \"dropoff_address\": \"\\nGarg Plaza, Village Kanchanbari, Bangla Basti, PO-Fulbari Ha\\nWest Bengal, IN, 734015\\nSiliguri,WEST BENGAL 734011\",\n        \"booking_status\": \"0\"\n    }\n]","payment_type_txt":"Wallet","is_notify":1,"pod_download":[],"vehiclebody":"CLOSED","customer_max_bid_amount":109200,"advance_payment_mode":"1","driver_cancelled":0,"tonnage":" 9 - 11 Ton","is_withdraw":0,"booking_amount_total":"72800.00","pickup_count":1,"driver_booking_status_text":"","coupon_code":"","base_fare_upto":null,"base_fare":"72800.00","hourly_package_id":null,"discount_type":null,"bidding_max_amount":69160,"driver_current_location":"","base_suggested_price":65550,"truck_model":"","pod_track_url":"","wowcash":"","booking_package_overshooting_text":"","booking_type":2,"customer_id":"45457","pod_amount":0,"insurance":"0","booking_notes":"","discount_amount":null,"lr":{"insurance":"0","consignee_id":[],"invoice_details":[],"consigee_details":[],"lr_url":"","pickup_address":"\nno: 53/57, 149/160, 322,323, Village Jamalpur and Khawaspur\nGurugram,HARYANA 122001","consignor_details":[{"consignor_name":"Amazon","consignor_gst":"015753697452489","consignor_state":1,"consignor_address":"Chennai","id":""}],"dropoff_address":"\nGarg Plaza, Village Kanchanbari, Bangla Basti, PO-Fulbari Ha\nWest Bengal, IN, 734015\nSiliguri,WEST BENGAL 734011","lr_number":"27386","states":[{"state_name":"KERALA","id":"17"},{"state_name":"KARNATAKA","id":"18"},{"state_name":"Telangana","id":"36"},{"state_name":"TAMILNADU","id":"1"},{"state_name":"ANDHRA PRADESH","id":"2"}],"consignor_name":"Amazon","invoice_total":0,"lr_generated":0,"consignor_address":"Chennai","pickup_time":"01-03-2022 07:00:00"},"booking_package_text":"","insurance_edit":0,"pickup_address":"\nno: 53/57, 149/160, 322,323, Village Jamalpur and Khawaspur\nGurugram,HARYANA 122001","pod_text":"","show_bidding_content":0,"driver_seen_status":0,"discounts":[],"advance_payment":58240,"pod_type":null,"communication":{"communication_id":0,"type":0,"message":""},"booking_status_text":"NA","is_mobile":"2","all_communication":[],"customer_accepted":"0","barcode_enable":"0","coupon_value":50,"droparray_areaname":[{"dropoff_location_area_name":"Kanchanbari","dropoff_location_id":"1130584"}],"payment_type":"1","price_group":36,"nearby_drivers_count":0,"recipient_name":"","coupon_type":"","recipient_phone":"","vehicle_name":"","driver_reject_event_id":0,"customer_type":"3","booking_feet":"","booking_id":"27386","base_fare_hour":null,"pickup_long":"76.8620064","vehicle_body_type":"1","pickup_lat":"28.38975","reached_otp":"8985","driver_image":"","insurance_details":[],"is_contract":0,"payment_status":"0","length":"Length: 24 Feet","auto_accept":"1","bidding_increment_amount":100,"driver_name":"","vehicle_type_id":"0","booking_filter":[],"group_id":"36","override_amount":"0.00","invoice":"","insurance_chosen":false,"alarm_on":0},"message":"Successfully bidding has been updated!","notify_driver":false,"status":"1","notify_drivers":[]}}
status code :200
response body :{"response":{"notify_driver_id":0,"data":{"driver_id":"0","customer_min_bid_amount":"23400.00","pickup_array":"[\n    {\n        \"lat\": \"13.3268604\",\n        \"long\": \"80.1376246\",\n        \"contact_name\": \"\",\n        \"contact_phone\": \"\",\n        \"pickup_address\": \"\\nNo. 1\\/B, IndoSpace Logistics Park, Puduvoyal, Durainallur Vi\\nPonneri,TAMIL NADU 601206\",\n        \"booking_status\": \"0\"\n    }\n]","price_id":null,"package_master_id":"0","is_bidding":"0","discount_percentage":null,"dropoff_address":"\nPlot no. 120 (X) and part portion of plot no. 119 (W2\nBavla,GUJARAT 382220","lr_show":0,"coupon_name":"","claimform":"https://admin-staging.wowtruck.in/webservice/claimform","driver_arrived_time":"5 Mins","max_bid_amount":96192,"coupon_id":"0","booking_tonnage":"","booking_creation_timestamp":"01-03-2022 07:00:00","total_booking_amount":23400,"dropcount":1,"earlyclose":0,"booking_notes_visible":1,"load_type":"2","driver_bidding":{"current_lowest_offer":0,"driver_bid_created_at":"","driver_id":0,"driver_seen":"0","customer_id":"45457","bid_count":"0","is_notify":0,"status":0},"payment_alert_text":"","base_hour":"Hrs -  KMs - ","booking_status":"11","driver_phone":"","pod_status":"","customer_wallet_amount":0,"withdraw_message":"","subtotal":"0.00","able_to_cancel":0,"additional_fare_hour":null,"booking_coupon_applied":false,"already_bid":1,"truck_reg_number":"","coupon_applied":false,"pod_pic":[],"amenities":[],"invoice_s3_url":null,"pod":"","created_at":"27-02-2022 13:44:22","min_bid_amount":20251,"droparray":"[\n    {\n        \"lat\": \"22.8365498\",\n        \"long\": \"72.3627976\",\n        \"dropaddrid\": 0,\n        \"recipient_name\": \"\",\n        \"recipient_phone\": \"\",\n        \"droppff_location_id\": \"1130585\",\n        \"dropoff_address\": \"\\nPlot no. 120 (X) and part portion of plot no. 119 (W2\\nBavla,GUJARAT 382220\",\n        \"booking_status\": \"0\"\n    }\n]","payment_type_txt":"Wallet","is_notify":1,"pod_download":[],"vehiclebody":"CLOSED","customer_max_bid_amount":151900,"advance_payment_mode":"1","driver_cancelled":0,"tonnage":" 15 Ton","is_withdraw":0,"booking_amount_total":"101255.00","pickup_count":1,"driver_booking_status_text":"","coupon_code":"","base_fare_upto":null,"base_fare":"101255.00","hourly_package_id":null,"discount_type":null,"bidding_max_amount":96192,"driver_current_location":"","base_suggested_price":91150,"truck_model":"","pod_track_url":"","wowcash":"","booking_package_overshooting_text":"","booking_type":2,"customer_id":"45457","pod_amount":0,"insurance":"0","booking_notes":"","discount_amount":null,"lr":{"insurance":"0","consignee_id":[],"invoice_details":[],"consigee_details":[],"lr_url":"","pickup_address":"\nNo. 1/B, IndoSpace Logistics Park, Puduvoyal, Durainallur Vi\nPonneri,TAMIL NADU 601206","consignor_details":[{"consignor_name":"Amazon","consignor_gst":"015753697452489","consignor_state":1,"consignor_address":"Chennai","id":""}],"dropoff_address":"\nPlot no. 120 (X) and part portion of plot no. 119 (W2\nBavla,GUJARAT 382220","lr_number":"27387","states":[{"state_name":"KERALA","id":"17"},{"state_name":"KARNATAKA","id":"18"},{"state_name":"Telangana","id":"36"},{"state_name":"TAMILNADU","id":"1"},{"state_name":"ANDHRA PRADESH","id":"2"}],"consignor_name":"Amazon","invoice_total":0,"lr_generated":0,"consignor_address":"Chennai","pickup_time":"01-03-2022 07:00:00"},"booking_package_text":"","insurance_edit":0,"pickup_address":"\nNo. 1/B, IndoSpace Logistics Park, Puduvoyal, Durainallur Vi\nPonneri,TAMIL NADU 601206","pod_text":"","show_bidding_content":0,"driver_seen_status":0,"discounts":[],"advance_payment":81004,"pod_type":null,"communication":{"communication_id":0,"type":0,"message":""},"booking_status_text":"NA","is_mobile":"2","all_communication":[],"customer_accepted":"0","barcode_enable":"0","coupon_value":50,"droparray_areaname":[{"dropoff_location_area_name":"Vallabh Nagar Society","dropoff_location_id":"1130585"}],"payment_type":"1","price_group":36,"nearby_drivers_count":0,"recipient_name":"","coupon_type":"","recipient_phone":"","vehicle_name":"","driver_reject_event_id":0,"customer_type":"3","booking_feet":"","booking_id":"27387","base_fare_hour":null,"pickup_long":"80.1376246","vehicle_body_type":"1","pickup_lat":"13.3268604","reached_otp":"4689","driver_image":"","insurance_details":[],"is_contract":0,"payment_status":"0","length":"Length: 32 Feet","auto_accept":"1","bidding_increment_amount":100,"driver_name":"","vehicle_type_id":"0","booking_filter":[],"group_id":"36","override_amount":"0.00","invoice":"","insurance_chosen":false,"alarm_on":0},"message":"Successfully bidding has been updated!","notify_driver":false,"status":"1","notify_drivers":[]}}
status code :200
response body :{"response":{"notify_driver_id":0,"data":{"driver_id":"0","customer_min_bid_amount":"19428.00","pickup_array":"[\n    {\n        \"lat\": \"22.7091381\",\n        \"long\": \"88.2836453\",\n        \"contact_name\": \"\",\n        \"contact_phone\": \"\",\n        \"pickup_address\": \"\\nPlot 33 and 34, Arrjavv Industrial Warehouse Park,\\nDankuni,WEST BENGAL 712310\",\n        \"booking_status\": \"0\"\n    }\n]","price_id":null,"package_master_id":"0","is_bidding":"0","discount_percentage":null,"dropoff_address":"\nBuilding Nos. 1 and 2, Agsons Global Logistics Park, Agsons\nSonipat,HARYANA 131021","lr_show":0,"coupon_name":"","claimform":"https://admin-staging.wowtruck.in/webservice/claimform","driver_arrived_time":"5 Mins","max_bid_amount":83234,"coupon_id":"0","booking_tonnage":"","booking_creation_timestamp":"01-03-2022 09:00:00","total_booking_amount":19428,"dropcount":1,"earlyclose":0,"booking_notes_visible":1,"load_type":"2","driver_bidding":{"current_lowest_offer":0,"driver_bid_created_at":"","driver_id":0,"driver_seen":"0","customer_id":"45457","bid_count":"0","is_notify":0,"status":0},"payment_alert_text":"","base_hour":"Hrs -  KMs - ","booking_status":"11","driver_phone":"","pod_status":"","customer_wallet_amount":0,"withdraw_message":"","subtotal":"0.00","able_to_cancel":0,"additional_fare_hour":null,"booking_coupon_applied":false,"already_bid":1,"truck_reg_number":"","coupon_applied":false,"pod_pic":[],"amenities":[],"invoice_s3_url":null,"pod":"","created_at":"27-02-2022 13:44:28","min_bid_amount":17523,"droparray":"[\n    {\n        \"lat\": \"28.9872305\",\n        \"long\": \"77.0881298\",\n        \"dropaddrid\": 0,\n        \"recipient_name\": \"\",\n        \"recipient_phone\": \"\",\n        \"droppff_location_id\": \"1130586\",\n        \"dropoff_address\": \"\\nBuilding Nos. 1 and 2, Agsons Global Logistics Park, Agsons\\nSonipat,HARYANA 131021\",\n        \"booking_status\": \"0\"\n    }\n]","payment_type_txt":"Wallet","is_notify":1,"pod_download":[],"vehiclebody":"CLOSED","customer_max_bid_amount":131400,"advance_payment_mode":"1","driver_cancelled":0,"tonnage":" 15 Ton","is_withdraw":0,"booking_amount_total":"87615.00","pickup_count":1,"driver_booking_status_text":"","coupon_code":"","base_fare_upto":null,"base_fare":"87615.00","hourly_package_id":null,"discount_type":null,"bidding_max_amount":83234,"driver_current_location":"","base_suggested_price":78900,"truck_model":"","pod_track_url":"","wowcash":"","booking_package_overshooting_text":"","booking_type":2,"customer_id":"45457","pod_amount":0,"insurance":"0","booking_notes":"","discount_amount":null,"lr":{"insurance":"0","consignee_id":[],"invoice_details":[],"consigee_details":[],"lr_url":"","pickup_address":"\nPlot 33 and 34, Arrjavv Industrial Warehouse Park,\nDankuni,WEST BENGAL 712310","consignor_details":[{"consignor_name":"Amazon","consignor_gst":"015753697452489","consignor_state":1,"consignor_address":"Chennai","id":""}],"dropoff_address":"\nBuilding Nos. 1 and 2, Agsons Global Logistics Park, Agsons\nSonipat,HARYANA 131021","lr_number":"27388","states":[{"state_name":"KERALA","id":"17"},{"state_name":"KARNATAKA","id":"18"},{"state_name":"Telangana","id":"36"},{"state_name":"TAMILNADU","id":"1"},{"state_name":"ANDHRA PRADESH","id":"2"}],"consignor_name":"Amazon","invoice_total":0,"lr_generated":0,"consignor_address":"Chennai","pickup_time":"01-03-2022 09:00:00"},"booking_package_text":"","insurance_edit":0,"pickup_address":"\nPlot 33 and 34, Arrjavv Industrial Warehouse Park,\nDankuni,WEST BENGAL 712310","pod_text":"","show_bidding_content":0,"driver_seen_status":0,"discounts":[],"advance_payment":70092,"pod_type":null,"communication":{"communication_id":0,"type":0,"message":""},"booking_status_text":"NA","is_mobile":"2","all_communication":[],"customer_accepted":"0","barcode_enable":"0","coupon_value":50,"droparray_areaname":[{"dropoff_location_area_name":"Sonipat","dropoff_location_id":"1130586"}],"payment_type":"1","price_group":36,"nearby_drivers_count":0,"recipient_name":"","coupon_type":"","recipient_phone":"","vehicle_name":"","driver_reject_event_id":0,"customer_type":"3","booking_feet":"","booking_id":"27388","base_fare_hour":null,"pickup_long":"88.2836453","vehicle_body_type":"1","pickup_lat":"22.7091381","reached_otp":"8259","driver_image":"","insurance_details":[],"is_contract":0,"payment_status":"0","length":"Length: 32 Feet","auto_accept":"1","bidding_increment_amount":100,"driver_name":"","vehicle_type_id":"0","booking_filter":[],"group_id":"36","override_amount":"0.00","invoice":"","insurance_chosen":false,"alarm_on":0},"message":"Successfully bidding has been updated!","notify_driver":false,"status":"1","notify_drivers":[]}}
status code :200
response body :{"response":{"notify_driver_id":0,"data":{"driver_id":"0","customer_min_bid_amount":"30000.00","pickup_array":"[\n    {\n        \"lat\": \"19.3661934\",\n        \"long\": \"73.1781311\",\n        \"contact_name\": \"\",\n        \"contact_phone\": \"\",\n        \"pickup_address\": \"\\nF-2,Survey No. 122\\/7c,122\\/2,122\\/1,118\\/1,118\\/7,131,Ayushi Spa\\nMumbai -Nashik Highway , Post- Padgha,\\nBhiwandi,MAHARASHTRA 421101\",\n        \"booking_status\": \"0\"\n    }\n]","price_id":null,"package_master_id":"0","is_bidding":"0","discount_percentage":null,"dropoff_address":"\nSri Perumbudur Taluk,\nChennai,TAMIL NADU 602117","lr_show":0,"coupon_name":"","claimform":"https://admin-staging.wowtruck.in/webservice/claimform","driver_arrived_time":"5 Mins","max_bid_amount":70120,"coupon_id":"0","booking_tonnage":"","booking_creation_timestamp":"01-03-2022 10:00:00","total_booking_amount":30000,"dropcount":1,"earlyclose":0,"booking_notes_visible":1,"load_type":"2","driver_bidding":{"current_lowest_offer":0,"driver_bid_created_at":"","driver_id":0,"driver_seen":"0","customer_id":"45457","bid_count":"0","is_notify":0,"status":0},"payment_alert_text":"","base_hour":"Hrs -  KMs - ","booking_status":"11","driver_phone":"","pod_status":"","customer_wallet_amount":0,"withdraw_message":"","subtotal":"0.00","able_to_cancel":0,"additional_fare_hour":null,"booking_coupon_applied":false,"already_bid":1,"truck_reg_number":"","coupon_applied":false,"pod_pic":[],"amenities":[],"invoice_s3_url":null,"pod":"","created_at":"27-02-2022 13:44:34","min_bid_amount":14762,"droparray":"[\n    {\n        \"lat\": \"13.0105844\",\n        \"long\": \"80.0367259\",\n        \"dropaddrid\": 0,\n        \"recipient_name\": \"\",\n        \"recipient_phone\": \"\",\n        \"droppff_location_id\": \"1130587\",\n        \"dropoff_address\": \"\\nSri Perumbudur Taluk,\\nChennai,TAMIL NADU 602117\",\n        \"booking_status\": \"0\"\n    }\n]","payment_type_txt":"Wallet","is_notify":1,"pod_download":[],"vehiclebody":"CLOSED","customer_max_bid_amount":110700,"advance_payment_mode":"1","driver_cancelled":0,"tonnage":" 15 Ton","is_withdraw":0,"booking_amount_total":"73810.00","pickup_count":1,"driver_booking_status_text":"","coupon_code":"","base_fare_upto":null,"base_fare":"73810.00","hourly_package_id":null,"discount_type":null,"bidding_max_amount":70120,"driver_current_location":"","base_suggested_price":66450,"truck_model":"","pod_track_url":"","wowcash":"","booking_package_overshooting_text":"","booking_type":2,"customer_id":"45457","pod_amount":0,"insurance":"0","booking_notes":"","discount_amount":null,"lr":{"insurance":"0","consignee_id":[],"invoice_details":[],"consigee_details":[],"lr_url":"","pickup_address":"\nF-2,Survey No. 122/7c,122/2,122/1,118/1,118/7,131,Ayushi Spa\nMumbai -Nashik Highway , Post- Padgha,\nBhiwandi,MAHARASHTRA 421101","consignor_details":[{"consignor_name":"Amazon","consignor_gst":"015753697452489","consignor_state":1,"consignor_address":"Chennai","id":""}],"dropoff_address":"\nSri Perumbudur Taluk,\nChennai,TAMIL NADU 602117","lr_number":"27389","states":[{"state_name":"KERALA","id":"17"},{"state_name":"KARNATAKA","id":"18"},{"state_name":"Telangana","id":"36"},{"state_name":"TAMILNADU","id":"1"},{"state_name":"ANDHRA PRADESH","id":"2"}],"consignor_name":"Amazon","invoice_total":0,"lr_generated":0,"consignor_address":"Chennai","pickup_time":"01-03-2022 10:00:00"},"booking_package_text":"","insurance_edit":0,"pickup_address":"\nF-2,Survey No. 122/7c,122/2,122/1,118/1,118/7,131,Ayushi Spa\nMumbai -Nashik Highway , Post- Padgha,\nBhiwandi,MAHARASHTRA 421101","pod_text":"","show_bidding_content":0,"driver_seen_status":0,"discounts":[],"advance_payment":59048,"pod_type":null,"communication":{"communication_id":0,"type":0,"message":""},"booking_status_text":"NA","is_mobile":"2","all_communication":[],"customer_accepted":"0","barcode_enable":"0","coupon_value":50,"droparray_areaname":[{"dropoff_location_area_name":"Chembarambakkam","dropoff_location_id":"1130587"}],"payment_type":"1","price_group":36,"nearby_drivers_count":0,"recipient_name":"","coupon_type":"","recipient_phone":"","vehicle_name":"","driver_reject_event_id":0,"customer_type":"3","booking_feet":"","booking_id":"27389","base_fare_hour":null,"pickup_long":"73.1781311","vehicle_body_type":"1","pickup_lat":"19.3661934","reached_otp":"5681","driver_image":"","insurance_details":[],"is_contract":0,"payment_status":"0","length":"Length: 32 Feet","auto_accept":"1","bidding_increment_amount":100,"driver_name":"","vehicle_type_id":"0","booking_filter":[],"group_id":"36","override_amount":"0.00","invoice":"","insurance_chosen":false,"alarm_on":0},"message":"Successfully bidding has been updated!","notify_driver":false,"status":"1","notify_drivers":[]}}
status code :200
response body :{"response":{"notify_driver_id":0,"data":{"driver_id":"0","customer_min_bid_amount":"7738.00","pickup_array":"[\n    {\n        \"lat\": \"26.8091078\",\n        \"long\": \"75.4785335\",\n        \"contact_name\": \"\",\n        \"contact_phone\": \"\",\n        \"pickup_address\": \"\\nKh No 554 to 558,560 to 583,600 to 606\\nBagru Rawan,N.H.8,Tehsil Sanganer\\nBagru,RAJASTHAN 303007\",\n        \"booking_status\": \"0\"\n    }\n]","price_id":null,"package_master_id":"0","is_bidding":"0","discount_percentage":null,"dropoff_address":"\nC/o M/s SYNDICATE GODOWN CORPORATION\nKhasra no. 6/19/2, 20,21,22,23/2, 24/1\nManesar,HARYANA 123413","lr_show":0,"coupon_name":"","claimform":"https://admin-staging.wowtruck.in/webservice/claimform","driver_arrived_time":"5 Mins","max_bid_amount":13742,"coupon_id":"0","booking_tonnage":"","booking_creation_timestamp":"01-03-2022 10:00:00","total_booking_amount":7738,"dropcount":1,"earlyclose":0,"booking_notes_visible":1,"load_type":"2","driver_bidding":{"current_lowest_offer":0,"driver_bid_created_at":"","driver_id":0,"driver_seen":"0","customer_id":"45457","bid_count":"0","is_notify":0,"status":0},"payment_alert_text":"","base_hour":"Hrs -  KMs - ","booking_status":"11","driver_phone":"","pod_status":"","customer_wallet_amount":0,"withdraw_message":"","subtotal":"0.00","able_to_cancel":0,"additional_fare_hour":null,"booking_coupon_applied":false,"already_bid":1,"truck_reg_number":"","coupon_applied":false,"pod_pic":[],"amenities":[],"invoice_s3_url":null,"pod":"","created_at":"27-02-2022 13:44:39","min_bid_amount":2893,"droparray":"[\n    {\n        \"lat\": \"28.3729952\",\n        \"long\": \"76.909024\",\n        \"dropaddrid\": 0,\n        \"recipient_name\": \"\",\n        \"recipient_phone\": \"\",\n        \"droppff_location_id\": \"1130588\",\n        \"dropoff_address\": \"\\nC\\/o M\\/s SYNDICATE GODOWN CORPORATION\\nKhasra no. 6\\/19\\/2, 20,21,22,23\\/2, 24\\/1\\nManesar,HARYANA 123413\",\n        \"booking_status\": \"0\"\n    }\n]","payment_type_txt":"Wallet","is_notify":1,"pod_download":[],"vehiclebody":"CLOSED","customer_max_bid_amount":21700,"advance_payment_mode":"1","driver_cancelled":0,"tonnage":" 15 Ton","is_withdraw":0,"booking_amount_total":"14465.00","pickup_count":1,"driver_booking_status_text":"","coupon_code":"","base_fare_upto":null,"base_fare":"14465.00","hourly_package_id":null,"discount_type":null,"bidding_max_amount":13742,"driver_current_location":"","base_suggested_price":13050,"truck_model":"","pod_track_url":"","wowcash":"","booking_package_overshooting_text":"","booking_type":2,"customer_id":"45457","pod_amount":0,"insurance":"0","booking_notes":"","discount_amount":null,"lr":{"insurance":"0","consignee_id":[],"invoice_details":[],"consigee_details":[],"lr_url":"","pickup_address":"\nKh No 554 to 558,560 to 583,600 to 606\nBagru Rawan,N.H.8,Tehsil Sanganer\nBagru,RAJASTHAN 303007","consignor_details":[{"consignor_name":"Amazon","consignor_gst":"015753697452489","consignor_state":1,"consignor_address":"Chennai","id":""}],"dropoff_address":"\nC/o M/s SYNDICATE GODOWN CORPORATION\nKhasra no. 6/19/2, 20,21,22,23/2, 24/1\nManesar,HARYANA 123413","lr_number":"27390","states":[{"state_name":"KERALA","id":"17"},{"state_name":"KARNATAKA","id":"18"},{"state_name":"Telangana","id":"36"},{"state_name":"TAMILNADU","id":"1"},{"state_name":"ANDHRA PRADESH","id":"2"}],"consignor_name":"Amazon","invoice_total":0,"lr_generated":0,"consignor_address":"Chennai","pickup_time":"01-03-2022 10:00:00"},"booking_package_text":"","insurance_edit":0,"pickup_address":"\nKh No 554 to 558,560 to 583,600 to 606\nBagru Rawan,N.H.8,Tehsil Sanganer\nBagru,RAJASTHAN 303007","pod_text":"","show_bidding_content":0,"driver_seen_status":0,"discounts":[],"advance_payment":11572,"pod_type":null,"communication":{"communication_id":0,"type":0,"message":""},"booking_status_text":"NA","is_mobile":"2","all_communication":[],"customer_accepted":"0","barcode_enable":"0","coupon_value":50,"droparray_areaname":[{"dropoff_location_area_name":"Manesar","dropoff_location_id":"1130588"}],"payment_type":"1","price_group":36,"nearby_drivers_count":0,"recipient_name":"","coupon_type":"","recipient_phone":"","vehicle_name":"","driver_reject_event_id":0,"customer_type":"3","booking_feet":"","booking_id":"27390","base_fare_hour":null,"pickup_long":"75.4785335","vehicle_body_type":"1","pickup_lat":"26.8091078","reached_otp":"9348","driver_image":"","insurance_details":[],"is_contract":0,"payment_status":"0","length":"Length: 32 Feet","auto_accept":"1","bidding_increment_amount":100,"driver_name":"","vehicle_type_id":"0","booking_filter":[],"group_id":"36","override_amount":"0.00","invoice":"","insurance_chosen":false,"alarm_on":0},"message":"Successfully bidding has been updated!","notify_driver":false,"status":"1","notify_drivers":[]}}
status code :200
response body :{"response":{"notify_driver_id":0,"data":{"driver_id":"0","customer_min_bid_amount":"17999.99","pickup_array":"[\n    {\n        \"lat\": \"22.7724184\",\n        \"long\": \"75.9054278\",\n        \"contact_name\": \"\",\n        \"contact_phone\": \"\",\n        \"pickup_address\": \"\\nNear METRO CASH & CARRY WHOLESALE Store\\nIndore,MADHYA PRADESH 452010\",\n        \"booking_status\": \"0\"\n    }\n]","price_id":null,"package_master_id":"0","is_bidding":"0","discount_percentage":null,"dropoff_address":"\n38/8/2, Adjacent to Starex School, Village Binola,Tehsil\nManesar Gurgaon,HARYANA 122413","lr_show":0,"coupon_name":"","claimform":"https://admin-staging.wowtruck.in/webservice/claimform","driver_arrived_time":"5 Mins","max_bid_amount":42950,"coupon_id":"0","booking_tonnage":"","booking_creation_timestamp":"01-03-2022 11:00:00","total_booking_amount":18000,"dropcount":1,"earlyclose":0,"booking_notes_visible":1,"load_type":"2","driver_bidding":{"current_lowest_offer":0,"driver_bid_created_at":"","driver_id":0,"driver_seen":"0","customer_id":"45457","bid_count":"0","is_notify":0,"status":0},"payment_alert_text":"","base_hour":"Hrs -  KMs - ","booking_status":"11","driver_phone":"","pod_status":"","customer_wallet_amount":0,"withdraw_message":"","subtotal":"0.00","able_to_cancel":0,"additional_fare_hour":null,"booking_coupon_applied":false,"already_bid":1,"truck_reg_number":"","coupon_applied":false,"pod_pic":[],"amenities":[],"invoice_s3_url":null,"pod":"","created_at":"27-02-2022 13:44:49","min_bid_amount":9042,"droparray":"[\n    {\n        \"lat\": \"28.2987239\",\n        \"long\": \"76.8627271\",\n        \"dropaddrid\": 0,\n        \"recipient_name\": \"\",\n        \"recipient_phone\": \"\",\n        \"droppff_location_id\": \"1130589\",\n        \"dropoff_address\": \"\\n38\\/8\\/2, Adjacent to Starex School, Village Binola,Tehsil\\nManesar Gurgaon,HARYANA 122413\",\n        \"booking_status\": \"0\"\n    }\n]","payment_type_txt":"Wallet","is_notify":1,"pod_download":[],"vehiclebody":"CLOSED","customer_max_bid_amount":67800,"advance_payment_mode":"1","driver_cancelled":0,"tonnage":" 15 Ton","is_withdraw":0,"booking_amount_total":"45210.00","pickup_count":1,"driver_booking_status_text":"","coupon_code":"","base_fare_upto":null,"base_fare":"45210.00","hourly_package_id":null,"discount_type":null,"bidding_max_amount":42950,"driver_current_location":"","base_suggested_price":40700,"truck_model":"","pod_track_url":"","wowcash":"","booking_package_overshooting_text":"","booking_type":2,"customer_id":"45457","pod_amount":0,"insurance":"0","booking_notes":"","discount_amount":null,"lr":{"insurance":"0","consignee_id":[],"invoice_details":[],"consigee_details":[],"lr_url":"","pickup_address":"\nNear METRO CASH & CARRY WHOLESALE Store\nIndore,MADHYA PRADESH 452010","consignor_details":[{"consignor_name":"Amazon","consignor_gst":"015753697452489","consignor_state":1,"consignor_address":"Chennai","id":""}],"dropoff_address":"\n38/8/2, Adjacent to Starex School, Village Binola,Tehsil\nManesar Gurgaon,HARYANA 122413","lr_number":"27391","states":[{"state_name":"KERALA","id":"17"},{"state_name":"KARNATAKA","id":"18"},{"state_name":"Telangana","id":"36"},{"state_name":"TAMILNADU","id":"1"},{"state_name":"ANDHRA PRADESH","id":"2"}],"consignor_name":"Amazon","invoice_total":0,"lr_generated":0,"consignor_address":"Chennai","pickup_time":"01-03-2022 11:00:00"},"booking_package_text":"","insurance_edit":0,"pickup_address":"\nNear METRO CASH & CARRY WHOLESALE Store\nIndore,MADHYA PRADESH 452010","pod_text":"","show_bidding_content":0,"driver_seen_status":0,"discounts":[],"advance_payment":36168,"pod_type":null,"communication":{"communication_id":0,"type":0,"message":""},"booking_status_text":"NA","is_mobile":"2","all_communication":[],"customer_accepted":"0","barcode_enable":"0","coupon_value":50,"droparray_areaname":[{"dropoff_location_area_name":"Bhora Kalan","dropoff_location_id":"1130589"}],"payment_type":"1","price_group":36,"nearby_drivers_count":0,"recipient_name":"","coupon_type":"","recipient_phone":"","vehicle_name":"","driver_reject_event_id":0,"customer_type":"3","booking_feet":"","booking_id":"27391","base_fare_hour":null,"pickup_long":"75.9054278","vehicle_body_type":"1","pickup_lat":"22.7724184","reached_otp":"1276","driver_image":"","insurance_details":[],"is_contract":0,"payment_status":"0","length":"Length: 32 Feet","auto_accept":"1","bidding_increment_amount":100,"driver_name":"","vehicle_type_id":"0","booking_filter":[],"group_id":"36","override_amount":"0.00","invoice":"","insurance_chosen":false,"alarm_on":0},"message":"Successfully bidding has been updated!","notify_driver":false,"status":"1","notify_drivers":[]}}
status code :200
[...]
{"pick_timestamp":"2022\/03\/11 06:00","customer_price":"14750.00","pic_address":[{"pic_address":"\nGokaldas warehousing corporation, Village Taoru, Tehsil Taor\nGurgaon,HARYANA 122105"}],"drop_address":[{"drop_address":"\nPlot no. 120 (X) and part portion of plot no. 119 (W2\nBavla,GUJARAT 382220"}],"length":"32' Truck","tr_number":["AD7B34"]}
{"pick_timestamp":"2022\/03\/11 19:00","customer_price":"27599.45","pic_address":[{"pic_address":"\nAmta Industrial Park, Amta\nMouza, Majukhetra\nKolkata,WEST BENGAL 711401"}],"drop_address":[{"drop_address":"\nAmta Industrial Park\nAmta,WEST BENGAL 711401"},{"drop_address":"\nNear Amazon\/TCI Express W\/h\nVillage - Kanchanbari, PO -Fulbari Hat\nJalpaiguri,West Bengal 734015"}],"length":"20' Truck","tr_number":["BBC899"]}
{"pick_timestamp":"2022\/03\/13 16:00","customer_price":"16750.00","pic_address":[{"pic_address":"\nGokaldas warehousing corporation, Village Taoru, Tehsil Taor\nGurgaon,HARYANA 122105"}],"drop_address":[{"drop_address":"\nKhasra numbers:444-P,445-P,459-P, 460-474,475-P,476-482\n483-P,491,492,493-P, Village Bhaukapur,Tehsil-Sarojini Nagar\nLucknow,UTTAR PRADESH 226401"}],"length":"32' Truck","tr_number":["6DB944"]}
{"pick_timestamp":"2022\/03\/14 06:00","customer_price":"15000.00","pic_address":[{"pic_address":"\nGokaldas warehousing corporation, Village Taoru, Tehsil Taor\nGurgaon,HARYANA 122105"}],"drop_address":[{"drop_address":"\nPlot no. 120 (X) and part portion of plot no. 119 (W2\nBavla,GUJARAT 382220"}],"length":"32' Truck","tr_number":["160B0E"]}
{"pick_timestamp":"2022\/03\/14 19:00","customer_price":"24000.00","pic_address":[{"pic_address":"\nAmta Industrial Park, Amta\nMouza, Majukhetra\nKolkata,WEST BENGAL 711401"}],"drop_address":[{"drop_address":"\nAmta Industrial Park\nAmta,WEST BENGAL 711401"},{"drop_address":"\nNear Amazon\/TCI Express W\/h\nVillage - Kanchanbari, PO -Fulbari Hat\nJalpaiguri,West Bengal 734015"}],"length":"20' Truck","tr_number":["F09D2F"]}
{"pick_timestamp":"2022\/03\/16 06:00","customer_price":"15000.00","pic_address":[{"pic_address":"\nGokaldas warehousing corporation, Village Taoru, Tehsil Taor\nGurgaon,HARYANA 122105"}],"drop_address":[{"drop_address":"\nPlot no. 120 (X) and part portion of plot no. 119 (W2\nBavla,GUJARAT 382220"}],"length":"32' Truck","tr_number":["725DA7"]}
{"pick_timestamp":"2022\/03\/18 19:00","customer_price":"27599.45","pic_address":[{"pic_address":"\nAmta Industrial Park, Amta\nMouza, Majukhetra\nKolkata,WEST BENGAL 711401"}],"drop_address":[{"drop_address":"\nAmta Industrial Park\nAmta,WEST BENGAL 711401"},{"drop_address":"\nNear Amazon\/TCI Express W\/h\nVillage - Kanchanbari, PO -Fulbari Hat\nJalpaiguri,West Bengal 734015"}],"length":"20' Truck","tr_number":["7C38C6"]}
{"pick_timestamp":"2022\/03\/21 19:00","customer_price":"27599.45","pic_address":[{"pic_address":"\nAmta Industrial Park, Amta\nMouza, Majukhetra\nKolkata,WEST BENGAL 711401"}],"drop_address":[{"drop_address":"\nAmta Industrial Park\nAmta,WEST BENGAL 711401"},{"drop_address":"\nNear Amazon\/TCI Express W\/h\nVillage - Kanchanbari, PO -Fulbari Hat\nJalpaiguri,West Bengal 734015"}],"length":"20' Truck","tr_number":["E329A3"]}
{"pick_timestamp":"2022\/03\/23 19:00","customer_price":"24000.00","pic_address":[{"pic_address":"\nAmta Industrial Park, Amta\nMouza, Majukhetra\nKolkata,WEST BENGAL 711401"}],"drop_address":[{"drop_address":"\nAmta Industrial Park\nAmta,WEST BENGAL 711401"},{"drop_address":"\nNear Amazon\/TCI Express W\/h\nVillage - Kanchanbari, PO -Fulbari Hat\nJalpaiguri,West Bengal 734015"}],"length":"20' Truck","tr_number":["3E961D"]}
{"pick_timestamp":"2022\/03\/24 11:00","customer_price":"3000.00","pic_address":[{"pic_address":"\nBearing No.5 IndoSpace Industrial Park Chakan-II,Taluka-Khed\nPune,MAHARASHTRA 410501"}],"drop_address":[{"drop_address":"\nno5 BGR Logistics park Near Shiv Sagar Hotel , Village Vahul\nBhiwandi,MAHARASHTRA 421302"}],"length":"20' Truck","tr_number":["668701"]}
{"pick_timestamp":"2022\/03\/25 18:00","customer_price":"29999.99","pic_address":[{"pic_address":"\nWarehouse C F, Sai Dham Logistics Park\nVillage Dohale, Post Padgha, Taluka Bhiwandi\nPadagha,MAHARASHTRA 421101"}],"drop_address":[{"drop_address":"\nMahindra Logistics, Shop No 1,2 and 3\nopp Ganesh Nagar, Piplaj Pirana Road\nAhmedabad,GUJARAT 382405"},{"drop_address":"\n24byA, Jhotwara Industrial Area\nAnand Chowk, Near Lafarge\nJaipur,RAJASTHAN 302012"}],"length":"20' Truck","tr_number":["7A6C3A"]}
{"pick_timestamp":"2022\/03\/25 19:00","customer_price":"24000.00","pic_address":[{"pic_address":"\nAmta Industrial Park, Amta\nMouza, Majukhetra\nKolkata,WEST BENGAL 711401"}],"drop_address":[{"drop_address":"\nAmta Industrial Park\nAmta,WEST BENGAL 711401"},{"drop_address":"\nNear Amazon\/TCI Express W\/h\nVillage - Kanchanbari, PO -Fulbari Hat\nJalpaiguri,West Bengal 734015"}],"length":"20' Truck","tr_number":["EAB1F3"]}
{"pick_timestamp":"2022\/03\/28 19:00","customer_price":"27599.45","pic_address":[{"pic_address":"\nAmta Industrial Park, Amta\nMouza, Majukhetra\nKolkata,WEST BENGAL 711401"}],"drop_address":[{"drop_address":"\nAmta Industrial Park\nAmta,WEST BENGAL 711401"},{"drop_address":"\nNear Amazon\/TCI Express W\/h\nVillage - Kanchanbari, PO -Fulbari Hat\nJalpaiguri,West Bengal 734015"}],"length":"20' Truck","tr_number":["63C48D"]}
{"pick_timestamp":"2022\/03\/30 19:00","customer_price":"27599.45","pic_address":[{"pic_address":"\nAmta Industrial Park, Amta\nMouza, Majukhetra\nKolkata,WEST BENGAL 711401"}],"drop_address":[{"drop_address":"\nAmta Industrial Park\nAmta,WEST BENGAL 711401"},{"drop_address":"\nNear Amazon\/TCI Express W\/h\nVillage - Kanchanbari, PO -Fulbari Hat\nJalpaiguri,West Bengal 734015"}],"length":"20' Truck","tr_number":["422FF4"]}
{"pick_timestamp":"2022\/03\/31 11:00","customer_price":"3263.22","pic_address":[{"pic_address":"\nBearing No.5 IndoSpace Industrial Park Chakan-II,Taluka-Khed\nPune,MAHARASHTRA 410501"}],"drop_address":[{"drop_address":"\nno5 BGR Logistics park Near Shiv Sagar Hotel , Village Vahul\nBhiwandi,MAHARASHTRA 421302"}],"length":"20' Truck","tr_number":["56C688"]}
Json all Data Size : 96
status code :200
response body :{"response":{"data":{"message":"Convert as booking threshold days limit not matched!"},"status":"0"}}
status code :200
response body :{"response":{"data":{"message":"Convert as booking threshold days limit not matched!"},"status":"0"}}
status code :200
response body :{"response":{"data":{"message":"Convert as booking threshold days limit not matched!"},"status":"0"}}
status code :200
response body :{"response":{"data":{"message":"Convert as booking threshold days limit not matched!"},"status":"0"}}
status code :200
response body :{"response":{"data":{"message":"Convert as booking threshold days limit not matched!"},"status":"0"}}
status code :200
response body :{"response":{"data":{"message":"Convert as booking threshold days limit not matched!"},"status":"0"}}
status code :200
response body :{"response":{"data":{"message":"Convert as booking threshold days limit not matched!"},"status":"0"}}
status code :200
response body :{"response":{"data":{"message":"Convert as booking threshold days limit not matched!"},"status":"0"}}
status code :200
response body :{"response":{"data":{"message":"Convert as booking threshold days limit not matched!"},"status":"0"}}
status code :200
response body :{"response":{"data":{"message":"Convert as booking threshold days limit not matched!"},"status":"0"}}
status code :200
response body :{"response":{"data":{"message":"Convert as booking threshold days limit not matched!"},"status":"0"}}
status code :200
response body :{"response":{"data":{"message":"Convert as booking threshold days limit not matched!"},"status":"0"}}
status code :200
response body :{"response":{"data":{"message":"Convert as booking threshold days limit not matched!"},"status":"0"}}
status code :200
response body :{"response":{"data":{"message":"Convert as booking threshold days limit not matched!"},"status":"0"}}
status code :200
response body :{"response":{"data":{"message":"Convert as booking threshold days limit not matched!"},"status":"0"}}
status code :200
response body :{"response":{"data":{"message":"Convert as booking threshold days limit not matched!"},"status":"0"}}
status code :200
response body :{"response":{"data":{"message":"Convert as booking threshold days limit not matched!"},"status":"0"}}
status code :200
response body :{"response":{"data":{"message":"Convert as booking threshold days limit not matched!"},"status":"0"}}
status code :200
response body :{"response":{"data":{"message":"Convert as booking threshold days limit not matched!"},"status":"0"}}
status code :200
response body :{"response":{"data":{"message":"Convert as booking threshold days limit not matched!"},"status":"0"}}
status code :200
response body :{"response":{"data":{"message":"Convert as booking threshold days limit not matched!"},"status":"0"}}
status code :200
response body :{"response":{"data":{"message":"Convert as booking threshold days limit not matched!"},"status":"0"}}
status code :200
response body :{"response":{"data":{"message":"Convert as booking threshold days limit not matched!"},"status":"0"}}
status code :200
response body :{"response":{"data":{"message":"Convert as booking threshold days limit not matched!"},"status":"0"}}
status code :200
response body :{"response":{"data":{"message":"Convert as booking threshold days limit not matched!"},"status":"0"}}
status code :200
response body :{"response":{"data":{"message":"Convert as booking threshold days limit not matched!"},"status":"0"}}
status code :200
response body :{"response":{"data":{"message":"Convert as booking threshold days limit not matched!"},"status":"0"}}
status code :200
response body :{"response":{"data":{"message":"Convert as booking threshold days limit not matched!"},"status":"0"}}
status code :200
response body :{"response":{"data":{"message":"Convert as booking threshold days limit not matched!"},"status":"0"}}
status code :200
response body :{"response":{"data":{"message":"Convert as booking threshold days limit not matched!"},"status":"0"}}
status code :200
response body :{"response":{"data":{"message":"Convert as booking threshold days limit not matched!"},"status":"0"}}
status code :200
response body :{"response":{"data":{"message":"Convert as booking threshold days limit not matched!"},"status":"0"}}
status code :200
response body :{"response":{"data":{"message":"Convert as booking threshold days limit not matched!"},"status":"0"}}
status code :200
response body :{"response":{"data":{"message":"Convert as booking threshold days limit not matched!"},"status":"0"}}
status code :200
response body :{"response":{"data":{"message":"Convert as booking threshold days limit not matched!"},"status":"0"}}
status code :200
response body :{"response":{"data":{"message":"Convert as booking threshold days limit not matched!"},"status":"0"}}
status code :200
response body :{"response":{"data":{"message":"Convert as booking threshold days limit not matched!"},"status":"0"}}
status code :200
response body :{"response":{"data":{"message":"Convert as booking threshold days limit not matched!"},"status":"0"}}
status code :200
response body :{"response":{"data":{"message":"Convert as booking threshold days limit not matched!"},"status":"0"}}
status code :200
response body :{"response":{"data":{"message":"Convert as booking threshold days limit not matched!"},"status":"0"}}
status code :200
response body :{"response":{"data":{"message":"Convert as booking threshold days limit not matched!"},"status":"0"}}
status code :200
response body :{"response":{"data":{"message":"Convert as booking threshold days limit not matched!"},"status":"0"}}
status code :200
response body :{"response":{"data":{"message":"Convert as booking threshold days limit not matched!"},"status":"0"}}
status code :200
response body :{"response":{"data":{"message":"Convert as booking threshold days limit not matched!"},"status":"0"}}
status code :200
response body :{"response":{"data":{"message":"Convert as booking threshold days limit not matched!"},"status":"0"}}
status code :200
response body :{"response":{"data":{"message":"Convert as booking threshold days limit not matched!"},"status":"0"}}
status code :200
response body :{"response":{"data":{"message":"Convert as booking threshold days limit not matched!"},"status":"0"}}
status code :200
response body :{"response":{"data":{"message":"Convert as booking threshold days limit not matched!"},"status":"0"}}
status code :200
response body :{"response":{"data":{"message":"Convert as booking threshold days limit not matched!"},"status":"0"}}
status code :200
response body :{"response":{"data":{"message":"Convert as booking threshold days limit not matched!"},"status":"0"}}
status code :200
response body :{"response":{"data":{"message":"Convert as booking threshold days limit not matched!"},"status":"0"}}
status code :200
response body :{"response":{"data":{"message":"Convert as booking threshold days limit not matched!"},"status":"0"}}
status code :200
response body :{"response":{"data":{"message":"Convert as booking threshold days limit not matched!"},"status":"0"}}
status code :200
response body :{"response":{"data":{"message":"Convert as booking threshold days limit not matched!"},"status":"0"}}
status code :200
response body :{"response":{"data":{"message":"Convert as booking threshold days limit not matched!"},"status":"0"}}
status code :200
response body :{"response":{"data":{"message":"Convert as booking threshold days limit not matched!"},"status":"0"}}
status code :200
response body :{"response":{"data":{"message":"Convert as booking threshold days limit not matched!"},"status":"0"}}
status code :200
response body :{"response":{"data":{"message":"Convert as booking threshold days limit not matched!"},"status":"0"}}
status code :200
response body :{"response":{"data":{"message":"Convert as booking threshold days limit not matched!"},"status":"0"}}
status code :200
response body :{"response":{"data":{"message":"Convert as booking threshold days limit not matched!"},"status":"0"}}
status code :200
response body :{"response":{"data":{"message":"Convert as booking threshold days limit not matched!"},"status":"0"}}
status code :200
response body :{"response":{"data":{"message":"Convert as booking threshold days limit not matched!"},"status":"0"}}
status code :200
response body :{"response":{"data":{"message":"Convert as booking threshold days limit not matched!"},"status":"0"}}
status code :200
response body :{"response":{"data":{"message":"Convert as booking threshold days limit not matched!"},"status":"0"}}
status code :200
response body :{"response":{"data":{"message":"Convert as booking threshold days limit not matched!"},"status":"0"}}
status code :200
response body :{"response":{"data":{"message":"Convert as booking threshold days limit not matched!"},"status":"0"}}
status code :200
response body :{"response":{"data":{"message":"Convert as booking threshold days limit not matched!"},"status":"0"}}
status code :200
response body :{"response":{"data":{"message":"Convert as booking threshold days limit not matched!"},"status":"0"}}
status code :200
response body :{"response":{"data":{"message":"Convert as booking threshold days limit not matched!"},"status":"0"}}
status code :200
response body :{"response":{"data":{"message":"Convert as booking threshold days limit not matched!"},"status":"0"}}
status code :200
response body :{"response":{"data":{"message":"Convert as booking threshold days limit not matched!"},"status":"0"}}
status code :200
response body :{"response":{"data":{"message":"Convert as booking threshold days limit not matched!"},"status":"0"}}
status code :200
response body :{"response":{"data":{"message":"Convert as booking threshold days limit not matched!"},"status":"0"}}
status code :200
response body :{"response":{"data":{"message":"Convert as booking threshold days limit not matched!"},"status":"0"}}
status code :200
response body :{"response":{"data":{"message":"Convert as booking threshold days limit not matched!"},"status":"0"}}
status code :200
response body :{"response":{"data":{"message":"Convert as booking threshold days limit not matched!"},"status":"0"}}
status code :200
response body :{"response":{"data":{"message":"Convert as booking threshold days limit not matched!"},"status":"0"}}
status code :200
response body :{"response":{"data":{"message":"Convert as booking threshold days limit not matched!"},"status":"0"}}
status code :200
response body :{"response":{"data":{"message":"Successfully Updated the Booking amount"},"status":"1"}}
status code :200
response body :{"response":{"data":{"message":"Convert as booking threshold days limit not matched!"},"status":"0"}}
status code :200
response body :{"response":{"data":{"message":"Convert as booking threshold days limit not matched!"},"status":"0"}}
status code :200
response body :{"response":{"data":{"message":"Convert as booking threshold days limit not matched!"},"status":"0"}}
status code :200
response body :{"response":{"data":{"message":"Convert as booking threshold days limit not matched!"},"status":"0"}}
status code :200
response body :{"response":{"data":{"message":"Convert as booking threshold days limit not matched!"},"status":"0"}}
status code :200
response body :{"response":{"data":{"message":"Convert as booking threshold days limit not matched!"},"status":"0"}}
status code :200
response body :{"response":{"data":{"message":"Convert as booking threshold days limit not matched!"},"status":"0"}}
status code :200
response body :{"response":{"data":{"message":"Convert as booking threshold days limit not matched!"},"status":"0"}}
status code :200
response body :{"response":{"data":{"message":"Convert as booking threshold days limit not matched!"},"status":"0"}}
status code :200
response body :{"response":{"data":{"message":"Convert as booking threshold days limit not matched!"},"status":"0"}}
status code :200
response body :{"response":{"data":{"message":"Convert as booking threshold days limit not matched!"},"status":"0"}}
status code :200
response body :{"response":{"data":{"message":"Convert as booking threshold days limit not matched!"},"status":"0"}}
status code :200
response body :{"response":{"data":{"message":"Convert as booking threshold days limit not matched!"},"status":"0"}}
status code :200
response body :{"response":{"data":{"message":"Convert as booking threshold days limit not matched!"},"status":"0"}}
status code :200
response body :{"response":{"data":{"message":"Convert as booking threshold days limit not matched!"},"status":"0"}}
status code :200
response body :{"response":{"data":{"message":"Convert as booking threshold days limit not matched!"},"status":"0"}}
status code :200
response body :{"response":{"data":{"message":"Convert as booking threshold days limit not matched!"},"status":"0"}}
]]></system-out>
    <system-err><![CDATA[SLF4J: Failed to load class "org.slf4j.impl.StaticLoggerBinder".
SLF4J: Defaulting to no-operation (NOP) logger implementation
SLF4J: See http://www.slf4j.org/codes.html#StaticLoggerBinder for further details.
Starting ChromeDriver 98.0.4758.102 (273bf7ac8c909cde36982d27f66f3c70846a3718-refs/branch-heads/4758@{#1151}) on port 4040
Only local connections are allowed.
Please see https://chromedriver.chromium.org/security-considerations for suggestions on keeping ChromeDriver safe.
ChromeDriver was started successfully.
Feb 27, 2022 1:40:00 PM org.openqa.selenium.remote.ProtocolHandshake createSession
INFO: Detected dialect: W3C
]]></system-err>
  </testcase>
</testsuite>